#
# There is insufficient memory for the Java Runtime Environment to continue.
# Native memory allocation (malloc) failed to allocate 1096016 bytes. Error detail: Chunk::new
# Possible reasons:
#   The system is out of physical RAM or swap space
#   This process is running with CompressedOops enabled, and the Java Heap may be blocking the growth of the native heap
# Possible solutions:
#   Reduce memory load on the system
#   Increase physical memory or swap space
#   Check if swap backing store is full
#   Decrease Java heap size (-Xmx/-Xms)
#   Decrease number of Java threads
#   Decrease Java thread stack sizes (-Xss)
#   Set larger code cache with -XX:ReservedCodeCacheSize=
#   JVM is running with Unscaled Compressed Oops mode in which the Java heap is
#     placed in the first 4GB address space. The Java Heap base address is the
#     maximum limit for the native heap growth. Please use -XX:HeapBaseMinAddress
#     to set the Java Heap base and to place the Java Heap above 4GB virtual address.
# This output file may be truncated or incomplete.
#
#  Out of Memory Error (arena.cpp:168), pid=21136, tid=15092
#
# JRE version: OpenJDK Runtime Environment Temurin-21.0.9+10 (21.0.9+10) (build 21.0.9+10-LTS)
# Java VM: OpenJDK 64-Bit Server VM Temurin-21.0.9+10 (21.0.9+10-LTS, mixed mode, sharing, tiered, compressed oops, compressed class ptrs, parallel gc, windows-amd64)
# No core dump will be written. Minidumps are not enabled by default on client versions of Windows
#

---------------  S U M M A R Y ------------

Command Line: --add-modules=ALL-SYSTEM --add-opens=java.base/java.util=ALL-UNNAMED --add-opens=java.base/java.lang=ALL-UNNAMED --add-opens=java.base/sun.nio.fs=ALL-UNNAMED -Declipse.application=org.eclipse.jdt.ls.core.id1 -Dosgi.bundles.defaultStartLevel=4 -Declipse.product=org.eclipse.jdt.ls.core.product -Djava.import.generatesMetadataFilesAtProjectRoot=false -DDetectVMInstallationsJob.disabled=true -Dfile.encoding=utf8 -XX:+UseParallelGC -XX:GCTimeRatio=4 -XX:AdaptiveSizePolicyWeight=90 -Dsun.zip.disableMemoryMapping=true -Xmx2G -Xms100m -Xlog:disable -javaagent:c:\Users\tulsi\.vscode\extensions\redhat.java-1.52.0-win32-x64\lombok\lombok-1.18.39-4050.jar -XX:+HeapDumpOnOutOfMemoryError -XX:HeapDumpPath=c:\Users\tulsi\AppData\Roaming\Code\User\workspaceStorage\ed6cfc8fd899b34ad4f6a065b0073941\redhat.java -Daether.dependencyCollector.impl=bf c:\Users\tulsi\.vscode\extensions\redhat.java-1.52.0-win32-x64\server\plugins\org.eclipse.equinox.launcher_1.7.100.v20251111-0406.jar -configuration c:\Users\tulsi\AppData\Roaming\Code\User\globalStorage\redhat.java\1.52.0\config_win -data c:\Users\tulsi\AppData\Roaming\Code\User\workspaceStorage\ed6cfc8fd899b34ad4f6a065b0073941\redhat.java\jdt_ws --pipe=\\.\pipe\lsp-ab2f9e91874fbae526156f4cc5267f1f-sock

Host: 13th Gen Intel(R) Core(TM) i7-1360P, 16 cores, 15G,  Windows 11 , 64 bit Build 26100 (10.0.26100.7623)
Time: Mon Feb  9 10:21:28 2026 India Standard Time elapsed time: 12.756961 seconds (0d 0h 0m 12s)

---------------  T H R E A D  ---------------

Current thread (0x00000180907dce40):  JavaThread "C2 CompilerThread0" daemon [_thread_in_native, id=15092, stack(0x00000018f5500000,0x00000018f5600000) (1024K)]


Current CompileTask:
C2:12757 8166   !   4       org.eclipse.jdt.internal.core.search.indexing.BinaryIndexer::indexDocument (1172 bytes)

Stack: [0x00000018f5500000,0x00000018f5600000]
Native frames: (J=compiled Java code, j=interpreted, Vv=VM code, C=native code)
V  [jvm.dll+0x6d6e29]
V  [jvm.dll+0x8b4b76]
V  [jvm.dll+0x8b712e]
V  [jvm.dll+0x8b7813]
V  [jvm.dll+0x283d86]
V  [jvm.dll+0xc66ed]
V  [jvm.dll+0xc6c31]
V  [jvm.dll+0x2facee]
V  [jvm.dll+0x5fde44]
V  [jvm.dll+0x255557]
V  [jvm.dll+0x25591d]
V  [jvm.dll+0x24df40]
V  [jvm.dll+0x24b482]
V  [jvm.dll+0x1cb13e]
V  [jvm.dll+0x25b29d]
V  [jvm.dll+0x25982a]
V  [jvm.dll+0x3f7ea6]
V  [jvm.dll+0x85e9ad]
V  [jvm.dll+0x6d565d]
C  [ucrtbase.dll+0x37b0]
C  [KERNEL32.DLL+0x2e8d7]
C  [ntdll.dll+0x8c53c]


---------------  P R O C E S S  ---------------

Threads class SMR info:
_java_thread_list=0x00000180fdd6d840, length=70, elements={
0x000001809071f820, 0x00000180e81fdad0, 0x00000180907bffc0, 0x00000180907c6ec0,
0x00000180907c7d70, 0x00000180907d1020, 0x00000180907d5520, 0x00000180907dce40,
0x00000180e95d6700, 0x00000180e96cc080, 0x00000180e96cc720, 0x00000180e9871e70,
0x00000180e986c930, 0x00000180ef02b7b0, 0x00000180efa82070, 0x00000180efaf0510,
0x00000180efb71ec0, 0x00000180ef710d20, 0x00000180f0060320, 0x00000180f009aa30,
0x00000180effdbe10, 0x00000180effdb0f0, 0x00000180f046f9b0, 0x00000180f04713f0,
0x00000180f0509b40, 0x00000180f07c8540, 0x00000180f0470040, 0x00000180f035dfe0,
0x00000180f00d6020, 0x00000180f0472110, 0x00000180f046ec90, 0x00000180f0471a80,
0x00000180f046f320, 0x00000180f4b5cd10, 0x00000180f4b5d3a0, 0x00000180f4b5b960,
0x00000180f4b5ede0, 0x00000180f4b5f470, 0x00000180f4b5da30, 0x00000180f4b5bff0,
0x00000180f4b5fb00, 0x00000180f4b5e0c0, 0x00000180f4b5c680, 0x00000180f4b60eb0,
0x00000180f4b61bd0, 0x00000180f4b60190, 0x00000180f4b60820, 0x00000180f4b5e750,
0x00000180f4b61540, 0x00000180f4b62260, 0x00000180ef49d4a0, 0x00000180f4b628f0,
0x00000180f4b62f80, 0x00000180f4b6c150, 0x00000180f0ef0080, 0x00000180f41e4830,
0x00000180f41e4ec0, 0x00000180f41e2df0, 0x00000180f41e3480, 0x00000180f41e2760,
0x00000180f41e20d0, 0x00000180f41e3b10, 0x00000180f41e6900, 0x00000180f41e6270,
0x00000180f41e6f90, 0x00000180f41e7620, 0x00000180f41e7cb0, 0x00000180f41e8340,
0x00000180f41e89d0, 0x00000180f41e5550
}

Java Threads: ( => current thread )
  0x000001809071f820 JavaThread "main"                              [_thread_blocked, id=27560, stack(0x00000018f4b00000,0x00000018f4c00000) (1024K)]
  0x00000180e81fdad0 JavaThread "Reference Handler"          daemon [_thread_blocked, id=16824, stack(0x00000018f4f00000,0x00000018f5000000) (1024K)]
  0x00000180907bffc0 JavaThread "Finalizer"                  daemon [_thread_blocked, id=25392, stack(0x00000018f5000000,0x00000018f5100000) (1024K)]
  0x00000180907c6ec0 JavaThread "Signal Dispatcher"          daemon [_thread_blocked, id=21156, stack(0x00000018f5100000,0x00000018f5200000) (1024K)]
  0x00000180907c7d70 JavaThread "Attach Listener"            daemon [_thread_blocked, id=22620, stack(0x00000018f5200000,0x00000018f5300000) (1024K)]
  0x00000180907d1020 JavaThread "Service Thread"             daemon [_thread_blocked, id=10048, stack(0x00000018f5300000,0x00000018f5400000) (1024K)]
  0x00000180907d5520 JavaThread "Monitor Deflation Thread"   daemon [_thread_blocked, id=22212, stack(0x00000018f5400000,0x00000018f5500000) (1024K)]
=>0x00000180907dce40 JavaThread "C2 CompilerThread0"         daemon [_thread_in_native, id=15092, stack(0x00000018f5500000,0x00000018f5600000) (1024K)]
  0x00000180e95d6700 JavaThread "C1 CompilerThread0"         daemon [_thread_blocked, id=15516, stack(0x00000018f5600000,0x00000018f5700000) (1024K)]
  0x00000180e96cc080 JavaThread "C1 CompilerThread1"         daemon [_thread_blocked, id=2600, stack(0x00000018f5700000,0x00000018f5800000) (1024K)]
  0x00000180e96cc720 JavaThread "C1 CompilerThread2"         daemon [_thread_blocked, id=26008, stack(0x00000018f5800000,0x00000018f5900000) (1024K)]
  0x00000180e9871e70 JavaThread "Common-Cleaner"             daemon [_thread_blocked, id=22192, stack(0x00000018f5a00000,0x00000018f5b00000) (1024K)]
  0x00000180e986c930 JavaThread "C1 CompilerThread3"         daemon [_thread_blocked, id=18088, stack(0x00000018f5b00000,0x00000018f5c00000) (1024K)]
  0x00000180ef02b7b0 JavaThread "Notification Thread"        daemon [_thread_blocked, id=4724, stack(0x00000018f5c00000,0x00000018f5d00000) (1024K)]
  0x00000180efa82070 JavaThread "Active Thread: Equinox Container: 0a89a8a7-4d16-4d0a-8f2b-48d5ecd1e7e3"        [_thread_blocked, id=16596, stack(0x00000018f6500000,0x00000018f6600000) (1024K)]
  0x00000180efaf0510 JavaThread "Refresh Thread: Equinox Container: 0a89a8a7-4d16-4d0a-8f2b-48d5ecd1e7e3" daemon [_thread_blocked, id=17644, stack(0x00000018f6400000,0x00000018f6500000) (1024K)]
  0x00000180efb71ec0 JavaThread "Framework Event Dispatcher: Equinox Container: 0a89a8a7-4d16-4d0a-8f2b-48d5ecd1e7e3" daemon [_thread_blocked, id=22296, stack(0x00000018f6600000,0x00000018f6700000) (1024K)]
  0x00000180ef710d20 JavaThread "Start Level: Equinox Container: 0a89a8a7-4d16-4d0a-8f2b-48d5ecd1e7e3" daemon [_thread_blocked, id=25576, stack(0x00000018f6700000,0x00000018f6800000) (1024K)]
  0x00000180f0060320 JavaThread "Bundle File Closer"         daemon [_thread_blocked, id=4196, stack(0x00000018f6c00000,0x00000018f6d00000) (1024K)]
  0x00000180f009aa30 JavaThread "SCR Component Actor"        daemon [_thread_blocked, id=13528, stack(0x00000018f6800000,0x00000018f6900000) (1024K)]
  0x00000180effdbe10 JavaThread "Worker-JM"                         [_thread_blocked, id=12196, stack(0x00000018f6f00000,0x00000018f7000000) (1024K)]
  0x00000180effdb0f0 JavaThread "JNA Cleaner"                daemon [_thread_blocked, id=12524, stack(0x00000018f5900000,0x00000018f5a00000) (1024K)]
  0x00000180f046f9b0 JavaThread "Worker-0"                          [_thread_blocked, id=22472, stack(0x00000018f7000000,0x00000018f7100000) (1024K)]
  0x00000180f04713f0 JavaThread "Worker-1"                          [_thread_blocked, id=26704, stack(0x00000018f7100000,0x00000018f7200000) (1024K)]
  0x00000180f0509b40 JavaThread "C2 CompilerThread1"         daemon [_thread_blocked, id=15256, stack(0x00000018f7200000,0x00000018f7300000) (1024K)]
  0x00000180f07c8540 JavaThread "C2 CompilerThread2"         daemon [_thread_blocked, id=492, stack(0x00000018f7300000,0x00000018f7400000) (1024K)]
  0x00000180f0470040 JavaThread "Worker-2: Building"                [_thread_in_vm, id=16044, stack(0x00000018f7400000,0x00000018f7500000) (1024K)]
  0x00000180f035dfe0 JavaThread "C2 CompilerThread3"         daemon [_thread_in_native, id=19840, stack(0x00000018f7500000,0x00000018f7600000) (1024K)]
  0x00000180f00d6020 JavaThread "C2 CompilerThread4"         daemon [_thread_blocked, id=27104, stack(0x00000018f7600000,0x00000018f7700000) (1024K)]
  0x00000180f0472110 JavaThread "Java indexing"              daemon [_thread_in_Java, id=25112, stack(0x00000018f7700000,0x00000018f7800000) (1024K)]
  0x00000180f046ec90 JavaThread "Worker-3: Java indexing... "        [_thread_blocked, id=3264, stack(0x00000018f7a00000,0x00000018f7b00000) (1024K)]
  0x00000180f0471a80 JavaThread "Worker-4"                          [_thread_blocked, id=19772, stack(0x00000018f7b00000,0x00000018f7c00000) (1024K)]
  0x00000180f046f320 JavaThread "Thread-1"                   daemon [_thread_in_native, id=14124, stack(0x00000018f7c00000,0x00000018f7d00000) (1024K)]
  0x00000180f4b5cd10 JavaThread "Thread-2"                   daemon [_thread_in_native, id=17480, stack(0x00000018f7d00000,0x00000018f7e00000) (1024K)]
  0x00000180f4b5d3a0 JavaThread "Thread-3"                   daemon [_thread_in_native, id=19812, stack(0x00000018f7e00000,0x00000018f7f00000) (1024K)]
  0x00000180f4b5b960 JavaThread "Thread-4"                   daemon [_thread_in_native, id=11124, stack(0x00000018f7f00000,0x00000018f8000000) (1024K)]
  0x00000180f4b5ede0 JavaThread "Thread-5"                   daemon [_thread_in_native, id=22244, stack(0x00000018f8000000,0x00000018f8100000) (1024K)]
  0x00000180f4b5f470 JavaThread "Thread-6"                   daemon [_thread_in_native, id=18700, stack(0x00000018f8100000,0x00000018f8200000) (1024K)]
  0x00000180f4b5da30 JavaThread "Thread-7"                   daemon [_thread_in_native, id=10184, stack(0x00000018f8200000,0x00000018f8300000) (1024K)]
  0x00000180f4b5bff0 JavaThread "Thread-8"                   daemon [_thread_in_native, id=13076, stack(0x00000018f8300000,0x00000018f8400000) (1024K)]
  0x00000180f4b5fb00 JavaThread "Thread-9"                   daemon [_thread_in_native, id=19260, stack(0x00000018f8400000,0x00000018f8500000) (1024K)]
  0x00000180f4b5e0c0 JavaThread "Thread-10"                  daemon [_thread_in_native, id=8288, stack(0x00000018f8500000,0x00000018f8600000) (1024K)]
  0x00000180f4b5c680 JavaThread "Thread-11"                  daemon [_thread_in_native, id=12124, stack(0x00000018f8600000,0x00000018f8700000) (1024K)]
  0x00000180f4b60eb0 JavaThread "Thread-12"                  daemon [_thread_in_native, id=27564, stack(0x00000018f8700000,0x00000018f8800000) (1024K)]
  0x00000180f4b61bd0 JavaThread "Thread-13"                  daemon [_thread_in_native, id=9092, stack(0x00000018f8800000,0x00000018f8900000) (1024K)]
  0x00000180f4b60190 JavaThread "Thread-14"                  daemon [_thread_in_native, id=27068, stack(0x00000018f8900000,0x00000018f8a00000) (1024K)]
  0x00000180f4b60820 JavaThread "Thread-15"                  daemon [_thread_in_native, id=13820, stack(0x00000018f8a00000,0x00000018f8b00000) (1024K)]
  0x00000180f4b5e750 JavaThread "Thread-16"                  daemon [_thread_in_native, id=24688, stack(0x00000018f8b00000,0x00000018f8c00000) (1024K)]
  0x00000180f4b61540 JavaThread "Thread-17"                  daemon [_thread_in_native, id=5704, stack(0x00000018f8c00000,0x00000018f8d00000) (1024K)]
  0x00000180f4b62260 JavaThread "pool-2-thread-1"                   [_thread_blocked, id=15692, stack(0x00000018f8d00000,0x00000018f8e00000) (1024K)]
  0x00000180ef49d4a0 JavaThread "C2 CompilerThread5"         daemon [_thread_in_native, id=20144, stack(0x00000018f8e00000,0x00000018f8f00000) (1024K)]
  0x00000180f4b628f0 JavaThread "Worker-5"                          [_thread_blocked, id=12008, stack(0x00000018f8f00000,0x00000018f9000000) (1024K)]
  0x00000180f4b62f80 JavaThread "Worker-6"                          [_thread_blocked, id=5576, stack(0x00000018f9000000,0x00000018f9100000) (1024K)]
  0x00000180f4b6c150 JavaThread "C2 CompilerThread6"         daemon [_thread_blocked, id=19076, stack(0x00000018f9100000,0x00000018f9200000) (1024K)]
  0x00000180f0ef0080 JavaThread "C2 CompilerThread7"         daemon [_thread_in_native, id=20560, stack(0x00000018f9200000,0x00000018f9300000) (1024K)]
  0x00000180f41e4830 JavaThread "WorkspaceEventsHandler"            [_thread_blocked, id=19780, stack(0x00000018f9300000,0x00000018f9400000) (1024K)]
  0x00000180f41e4ec0 JavaThread "pool-1-thread-1"                   [_thread_blocked, id=20660, stack(0x00000018f9400000,0x00000018f9500000) (1024K)]
  0x00000180f41e2df0 JavaThread "Compiler Source File Reader" daemon [_thread_blocked, id=20280, stack(0x00000018f9500000,0x00000018f9600000) (1024K)]
  0x00000180f41e3480 JavaThread "Compiler Source File Reader" daemon [_thread_blocked, id=20872, stack(0x00000018f9600000,0x00000018f9700000) (1024K)]
  0x00000180f41e2760 JavaThread "Compiler Source File Reader" daemon [_thread_blocked, id=2208, stack(0x00000018f9700000,0x00000018f9800000) (1024K)]
  0x00000180f41e20d0 JavaThread "Compiler Source File Reader" daemon [_thread_blocked, id=20472, stack(0x00000018f9800000,0x00000018f9900000) (1024K)]
  0x00000180f41e3b10 JavaThread "Compiler Source File Reader" daemon [_thread_blocked, id=22724, stack(0x00000018f9900000,0x00000018f9a00000) (1024K)]
  0x00000180f41e6900 JavaThread "Compiler Processing Task"   daemon [_thread_blocked, id=26180, stack(0x00000018f9a00000,0x00000018f9b00000) (1024K)]
  0x00000180f41e6270 JavaThread "Compiler Class File Writer" daemon [_thread_blocked, id=27120, stack(0x00000018f9b00000,0x00000018f9c00000) (1024K)]
  0x00000180f41e6f90 JavaThread "Compiler Class File Writer" daemon [_thread_blocked, id=11668, stack(0x00000018f9c00000,0x00000018f9d00000) (1024K)]
  0x00000180f41e7620 JavaThread "Compiler Class File Writer" daemon [_thread_blocked, id=22924, stack(0x00000018f9d00000,0x00000018f9e00000) (1024K)]
  0x00000180f41e7cb0 JavaThread "Compiler Class File Writer" daemon [_thread_blocked, id=22748, stack(0x00000018f9e00000,0x00000018f9f00000) (1024K)]
  0x00000180f41e8340 JavaThread "Compiler Class File Writer" daemon [_thread_blocked, id=11968, stack(0x00000018f9f00000,0x00000018fa000000) (1024K)]
  0x00000180f41e89d0 JavaThread "Compiler Class File Writer" daemon [_thread_blocked, id=25920, stack(0x00000018fa000000,0x00000018fa100000) (1024K)]
  0x00000180f41e5550 JavaThread "Compiler Class File Writer" daemon [_thread_blocked, id=22136, stack(0x00000018fa100000,0x00000018fa200000) (1024K)]
Total: 70

Other Threads:
  0x00000180e95b4ba0 VMThread "VM Thread"                           [id=19128, stack(0x00000018f4e00000,0x00000018f4f00000) (1024K)]
  0x00000180e80dca00 WatcherThread "VM Periodic Task Thread"        [id=12976, stack(0x00000018f4d00000,0x00000018f4e00000) (1024K)]
  0x000001809073d100 WorkerThread "GC Thread#0"                     [id=16940, stack(0x00000018f4c00000,0x00000018f4d00000) (1024K)]
  0x00000180ef94cbc0 WorkerThread "GC Thread#1"                     [id=22972, stack(0x00000018f5e00000,0x00000018f5f00000) (1024K)]
  0x00000180ef72afd0 WorkerThread "GC Thread#2"                     [id=13168, stack(0x00000018f5f00000,0x00000018f6000000) (1024K)]
  0x00000180ef72b370 WorkerThread "GC Thread#3"                     [id=20240, stack(0x00000018f6000000,0x00000018f6100000) (1024K)]
  0x00000180ef97b040 WorkerThread "GC Thread#4"                     [id=20976, stack(0x00000018f6100000,0x00000018f6200000) (1024K)]
  0x00000180ef97b3e0 WorkerThread "GC Thread#5"                     [id=18160, stack(0x00000018f6200000,0x00000018f6300000) (1024K)]
  0x00000180ef97b780 WorkerThread "GC Thread#6"                     [id=3480, stack(0x00000018f6300000,0x00000018f6400000) (1024K)]
  0x00000180efb178f0 WorkerThread "GC Thread#7"                     [id=9780, stack(0x00000018f5d00000,0x00000018f5e00000) (1024K)]
  0x00000180efd9f8e0 WorkerThread "GC Thread#8"                     [id=2212, stack(0x00000018f6900000,0x00000018f6a00000) (1024K)]
  0x00000180efe418e0 WorkerThread "GC Thread#9"                     [id=27216, stack(0x00000018f6a00000,0x00000018f6b00000) (1024K)]
  0x00000180efe40e00 WorkerThread "GC Thread#10"                    [id=7464, stack(0x00000018f6b00000,0x00000018f6c00000) (1024K)]
  0x00000180efe42020 WorkerThread "GC Thread#11"                    [id=4132, stack(0x00000018f6d00000,0x00000018f6e00000) (1024K)]
  0x00000180efe423c0 WorkerThread "GC Thread#12"                    [id=27400, stack(0x00000018f6e00000,0x00000018f6f00000) (1024K)]
Total: 15

Threads with active compile tasks:
C2 CompilerThread0  12786 8166   !   4       org.eclipse.jdt.internal.core.search.indexing.BinaryIndexer::indexDocument (1172 bytes)
C2 CompilerThread3  12787 8410       4       java.lang.invoke.MethodType::methodType (69 bytes)
C2 CompilerThread5  12787 8633   !   4       java.util.concurrent.ConcurrentHashMap::putVal (432 bytes)
C2 CompilerThread7  12787 8604       4       org.codehaus.plexus.util.xml.pull.MXParser::parseStartTag (1205 bytes)
Total: 4

VM state: not at safepoint (normal execution)

VM Mutex/Monitor currently owned by a thread: None

Heap address: 0x0000000080000000, size: 2048 MB, Compressed Oops mode: 32-bit

CDS archive(s) mapped at: [0x00000180a7000000-0x00000180a7ba0000-0x00000180a7ba0000), size 12189696, SharedBaseAddress: 0x00000180a7000000, ArchiveRelocationMode: 1.
Compressed class space mapped at: 0x00000180a8000000-0x00000180e8000000, reserved size: 1073741824
Narrow klass base: 0x00000180a7000000, Narrow klass shift: 0, Narrow klass range: 0x100000000

GC Precious Log:
 CardTable entry size: 512
 CPUs: 16 total, 16 available
 Memory: 16027M
 Large Page Support: Disabled
 NUMA Support: Disabled
 Compressed Oops: Enabled (32-bit)
 Alignments: Space 512K, Generation 512K, Heap 2M
 Heap Min Capacity: 100M
 Heap Initial Capacity: 100M
 Heap Max Capacity: 2G
 Pre-touch: Disabled
 Parallel Workers: 13

Heap:
 PSYoungGen      total 6144K, used 3326K [0x00000000d5580000, 0x00000000d5d00000, 0x0000000100000000)
  eden space 4608K, 49% used [0x00000000d5580000,0x00000000d57bcc50,0x00000000d5a00000)
  from space 1536K, 67% used [0x00000000d5a00000,0x00000000d5b02d50,0x00000000d5b80000)
  to   space 1536K, 0% used [0x00000000d5b80000,0x00000000d5b80000,0x00000000d5d00000)
 ParOldGen       total 216576K, used 216388K [0x0000000080000000, 0x000000008d380000, 0x00000000d5580000)
  object space 216576K, 99% used [0x0000000080000000,0x000000008d351260,0x000000008d380000)
 Metaspace       used 55349K, committed 56704K, reserved 1114112K
  class space    used 5979K, committed 6592K, reserved 1048576K

Card table byte_map: [0x00000180900c0000,0x00000180904d0000] _byte_map_base: 0x000001808fcc0000

Marking Bits: (ParMarkBitMap*) 0x00007ffde2862460
 Begin Bits: [0x00000180a2bd0000, 0x00000180a4bd0000)
 End Bits:   [0x00000180a4bd0000, 0x00000180a6bd0000)

Polling page: 0x000001808e5c0000

Metaspace:

Usage:
  Non-class:     48.21 MB used.
      Class:      5.84 MB used.
       Both:     54.05 MB used.

Virtual space:
  Non-class space:       64.00 MB reserved,      48.94 MB ( 76%) committed,  1 nodes.
      Class space:        1.00 GB reserved,       6.44 MB ( <1%) committed,  1 nodes.
             Both:        1.06 GB reserved,      55.38 MB (  5%) committed. 

Chunk freelists:
   Non-Class:  15.02 MB
       Class:  9.38 MB
        Both:  24.39 MB

MaxMetaspaceSize: unlimited
CompressedClassSpaceSize: 1.00 GB
Initial GC threshold: 21.00 MB
Current GC threshold: 58.38 MB
CDS: on
 - commit_granule_bytes: 65536.
 - commit_granule_words: 8192.
 - virtual_space_node_default_size: 8388608.
 - enlarge_chunks_in_place: 1.
 - use_allocation_guard: 0.


Internal statistics:

num_allocs_failed_limit: 6.
num_arena_births: 1068.
num_arena_deaths: 14.
num_vsnodes_births: 2.
num_vsnodes_deaths: 0.
num_space_committed: 886.
num_space_uncommitted: 0.
num_chunks_returned_to_freelist: 20.
num_chunks_taken_from_freelist: 3774.
num_chunk_merges: 9.
num_chunk_splits: 2224.
num_chunks_enlarged: 1116.
num_inconsistent_stats: 0.

CodeHeap 'non-profiled nmethods': size=119168Kb used=5312Kb max_used=5312Kb free=113855Kb
 bounds [0x000001809b4c0000, 0x000001809ba00000, 0x00000180a2920000]
CodeHeap 'profiled nmethods': size=119104Kb used=17210Kb max_used=17210Kb free=101893Kb
 bounds [0x0000018093920000, 0x00000180949f0000, 0x000001809ad70000]
CodeHeap 'non-nmethods': size=7488Kb used=3104Kb max_used=3224Kb free=4383Kb
 bounds [0x000001809ad70000, 0x000001809b0a0000, 0x000001809b4c0000]
CodeCache: size=245760Kb, used=25626Kb, max_used=25746Kb, free=220131Kb
 total_blobs=8763, nmethods=8039, adapters=627, full_count=0
Compilation: enabled, stopped_count=0, restarted_count=0

Compilation events (20 events):
Event: 12.743 Thread 0x00000180f00d6020 8630       4       java.util.concurrent.ConcurrentHashMap$EntryIterator::next (51 bytes)
Event: 12.743 Thread 0x00000180e96cc720 nmethod 8627 0x00000180949e9410 code [0x00000180949e95c0, 0x00000180949e9798]
Event: 12.743 Thread 0x00000180e986c930 nmethod 8628 0x00000180949e9890 code [0x00000180949e9a40, 0x00000180949e9b98]
Event: 12.743 Thread 0x00000180e96cc080 nmethod 8626 0x00000180949e9c90 code [0x00000180949e9e60, 0x00000180949ea188]
Event: 12.743 Thread 0x00000180e96cc720 8631       3       org.apache.maven.model.ConfigurationContainer::setLocation (156 bytes)
Event: 12.743 Thread 0x00000180e986c930 8632       3       org.apache.maven.model.ConfigurationContainer::setOtherLocation (35 bytes)
Event: 12.743 Thread 0x00000180e95d6700 nmethod 8625 0x00000180949ea290 code [0x00000180949ea580, 0x00000180949eb158]
Event: 12.744 Thread 0x00000180ef49d4a0 8633   !   4       java.util.concurrent.ConcurrentHashMap::putVal (432 bytes)
Event: 12.744 Thread 0x00000180e986c930 nmethod 8632 0x00000180949eb610 code [0x00000180949eb7e0, 0x00000180949ebc20]
Event: 12.744 Thread 0x00000180e95d6700 8634       1       org.apache.maven.model.Plugin::setGroupId (6 bytes)
Event: 12.744 Thread 0x00000180e96cc080 8635       1       org.apache.maven.model.Plugin::getGroupId (5 bytes)
Event: 12.745 Thread 0x00000180e986c930 8636       1       org.apache.maven.model.Plugin::getArtifactId (5 bytes)
Event: 12.745 Thread 0x00000180e96cc080 nmethod 8635 0x000001809b9e3390 code [0x000001809b9e3520, 0x000001809b9e35e8]
Event: 12.745 Thread 0x00000180e95d6700 nmethod 8634 0x000001809b9e3690 code [0x000001809b9e3820, 0x000001809b9e3900]
Event: 12.745 Thread 0x00000180e96cc080 8637       1       org.apache.maven.model.Plugin::getVersion (5 bytes)
Event: 12.745 Thread 0x00000180e95d6700 8638       3       org.apache.maven.model.ConfigurationContainer::getLocation (147 bytes)
Event: 12.745 Thread 0x00000180e96cc720 nmethod 8631 0x00000180949ebd90 code [0x00000180949ec040, 0x00000180949ed020]
Event: 12.745 Thread 0x00000180e986c930 nmethod 8636 0x000001809b9e3990 code [0x000001809b9e3b20, 0x000001809b9e3be8]
Event: 12.746 Thread 0x00000180e96cc080 nmethod 8637 0x000001809b9e3c90 code [0x000001809b9e3e20, 0x000001809b9e3ee8]
Event: 12.747 Thread 0x00000180e95d6700 nmethod 8638 0x00000180949ed390 code [0x00000180949ed600, 0x00000180949ee1c8]

GC Heap History (20 events):
Event: 12.556 GC heap before
{Heap before GC invocations=137 (full 2):
 PSYoungGen      total 6144K, used 5684K [0x00000000d5580000, 0x00000000d5d00000, 0x0000000100000000)
  eden space 5120K, 100% used [0x00000000d5580000,0x00000000d5a80000,0x00000000d5a80000)
  from space 1024K, 55% used [0x00000000d5c00000,0x00000000d5c8d370,0x00000000d5d00000)
  to   space 1024K, 0% used [0x00000000d5b00000,0x00000000d5b00000,0x00000000d5c00000)
 ParOldGen       total 206336K, used 205951K [0x0000000080000000, 0x000000008c980000, 0x00000000d5580000)
  object space 206336K, 99% used [0x0000000080000000,0x000000008c91fc60,0x000000008c980000)
 Metaspace       used 54767K, committed 56192K, reserved 1114112K
  class space    used 5917K, committed 6592K, reserved 1048576K
}
Event: 12.558 GC heap after
{Heap after GC invocations=137 (full 2):
 PSYoungGen      total 6144K, used 1019K [0x00000000d5580000, 0x00000000d5e80000, 0x0000000100000000)
  eden space 5120K, 0% used [0x00000000d5580000,0x00000000d5580000,0x00000000d5a80000)
  from space 1024K, 99% used [0x00000000d5b00000,0x00000000d5bfee98,0x00000000d5c00000)
  to   space 2048K, 0% used [0x00000000d5c80000,0x00000000d5c80000,0x00000000d5e80000)
 ParOldGen       total 206848K, used 206362K [0x0000000080000000, 0x000000008ca00000, 0x00000000d5580000)
  object space 206848K, 99% used [0x0000000080000000,0x000000008c986948,0x000000008ca00000)
 Metaspace       used 54767K, committed 56192K, reserved 1114112K
  class space    used 5917K, committed 6592K, reserved 1048576K
}
Event: 12.591 GC heap before
{Heap before GC invocations=138 (full 2):
 PSYoungGen      total 6144K, used 6139K [0x00000000d5580000, 0x00000000d5e80000, 0x0000000100000000)
  eden space 5120K, 100% used [0x00000000d5580000,0x00000000d5a80000,0x00000000d5a80000)
  from space 1024K, 99% used [0x00000000d5b00000,0x00000000d5bfee98,0x00000000d5c00000)
  to   space 2048K, 0% used [0x00000000d5c80000,0x00000000d5c80000,0x00000000d5e80000)
 ParOldGen       total 206848K, used 206362K [0x0000000080000000, 0x000000008ca00000, 0x00000000d5580000)
  object space 206848K, 99% used [0x0000000080000000,0x000000008c986948,0x000000008ca00000)
 Metaspace       used 54928K, committed 56320K, reserved 1114112K
  class space    used 5930K, committed 6592K, reserved 1048576K
}
Event: 12.592 GC heap after
{Heap after GC invocations=138 (full 2):
 PSYoungGen      total 6656K, used 1286K [0x00000000d5580000, 0x00000000d5e00000, 0x0000000100000000)
  eden space 5120K, 0% used [0x00000000d5580000,0x00000000d5580000,0x00000000d5a80000)
  from space 1536K, 83% used [0x00000000d5c80000,0x00000000d5dc1a48,0x00000000d5e00000)
  to   space 1536K, 0% used [0x00000000d5b00000,0x00000000d5b00000,0x00000000d5c80000)
 ParOldGen       total 207360K, used 207179K [0x0000000080000000, 0x000000008ca80000, 0x00000000d5580000)
  object space 207360K, 99% used [0x0000000080000000,0x000000008ca52d68,0x000000008ca80000)
 Metaspace       used 54928K, committed 56320K, reserved 1114112K
  class space    used 5930K, committed 6592K, reserved 1048576K
}
Event: 12.610 GC heap before
{Heap before GC invocations=139 (full 2):
 PSYoungGen      total 6656K, used 6406K [0x00000000d5580000, 0x00000000d5e00000, 0x0000000100000000)
  eden space 5120K, 100% used [0x00000000d5580000,0x00000000d5a80000,0x00000000d5a80000)
  from space 1536K, 83% used [0x00000000d5c80000,0x00000000d5dc1a48,0x00000000d5e00000)
  to   space 1536K, 0% used [0x00000000d5b00000,0x00000000d5b00000,0x00000000d5c80000)
 ParOldGen       total 207360K, used 207179K [0x0000000080000000, 0x000000008ca80000, 0x00000000d5580000)
  object space 207360K, 99% used [0x0000000080000000,0x000000008ca52d68,0x000000008ca80000)
 Metaspace       used 54965K, committed 56384K, reserved 1114112K
  class space    used 5932K, committed 6592K, reserved 1048576K
}
Event: 12.612 GC heap after
{Heap after GC invocations=139 (full 2):
 PSYoungGen      total 6656K, used 1091K [0x00000000d5580000, 0x00000000d5d80000, 0x0000000100000000)
  eden space 5120K, 0% used [0x00000000d5580000,0x00000000d5580000,0x00000000d5a80000)
  from space 1536K, 71% used [0x00000000d5b00000,0x00000000d5c10f70,0x00000000d5c80000)
  to   space 1024K, 0% used [0x00000000d5c80000,0x00000000d5c80000,0x00000000d5d80000)
 ParOldGen       total 208384K, used 208100K [0x0000000080000000, 0x000000008cb80000, 0x00000000d5580000)
  object space 208384K, 99% used [0x0000000080000000,0x000000008cb390b8,0x000000008cb80000)
 Metaspace       used 54965K, committed 56384K, reserved 1114112K
  class space    used 5932K, committed 6592K, reserved 1048576K
}
Event: 12.627 GC heap before
{Heap before GC invocations=140 (full 2):
 PSYoungGen      total 6656K, used 6211K [0x00000000d5580000, 0x00000000d5d80000, 0x0000000100000000)
  eden space 5120K, 100% used [0x00000000d5580000,0x00000000d5a80000,0x00000000d5a80000)
  from space 1536K, 71% used [0x00000000d5b00000,0x00000000d5c10f70,0x00000000d5c80000)
  to   space 1024K, 0% used [0x00000000d5c80000,0x00000000d5c80000,0x00000000d5d80000)
 ParOldGen       total 208384K, used 208100K [0x0000000080000000, 0x000000008cb80000, 0x00000000d5580000)
  object space 208384K, 99% used [0x0000000080000000,0x000000008cb390b8,0x000000008cb80000)
 Metaspace       used 54983K, committed 56384K, reserved 1114112K
  class space    used 5934K, committed 6592K, reserved 1048576K
}
Event: 12.629 GC heap after
{Heap after GC invocations=140 (full 2):
 PSYoungGen      total 5632K, used 1015K [0x00000000d5580000, 0x00000000d5f80000, 0x0000000100000000)
  eden space 4608K, 0% used [0x00000000d5580000,0x00000000d5580000,0x00000000d5a00000)
  from space 1024K, 99% used [0x00000000d5c80000,0x00000000d5d7de68,0x00000000d5d80000)
  to   space 2560K, 0% used [0x00000000d5a00000,0x00000000d5a00000,0x00000000d5c80000)
 ParOldGen       total 209408K, used 209116K [0x0000000080000000, 0x000000008cc80000, 0x00000000d5580000)
  object space 209408K, 99% used [0x0000000080000000,0x000000008cc370f8,0x000000008cc80000)
 Metaspace       used 54983K, committed 56384K, reserved 1114112K
  class space    used 5934K, committed 6592K, reserved 1048576K
}
Event: 12.638 GC heap before
{Heap before GC invocations=141 (full 2):
 PSYoungGen      total 5632K, used 5623K [0x00000000d5580000, 0x00000000d5f80000, 0x0000000100000000)
  eden space 4608K, 100% used [0x00000000d5580000,0x00000000d5a00000,0x00000000d5a00000)
  from space 1024K, 99% used [0x00000000d5c80000,0x00000000d5d7de68,0x00000000d5d80000)
  to   space 2560K, 0% used [0x00000000d5a00000,0x00000000d5a00000,0x00000000d5c80000)
 ParOldGen       total 209408K, used 209116K [0x0000000080000000, 0x000000008cc80000, 0x00000000d5580000)
  object space 209408K, 99% used [0x0000000080000000,0x000000008cc370f8,0x000000008cc80000)
 Metaspace       used 54998K, committed 56384K, reserved 1114112K
  class space    used 5935K, committed 6592K, reserved 1048576K
}
Event: 12.641 GC heap after
{Heap after GC invocations=141 (full 2):
 PSYoungGen      total 6144K, used 1251K [0x00000000d5580000, 0x00000000d5d00000, 0x0000000100000000)
  eden space 4608K, 0% used [0x00000000d5580000,0x00000000d5580000,0x00000000d5a00000)
  from space 1536K, 81% used [0x00000000d5a00000,0x00000000d5b38ed8,0x00000000d5b80000)
  to   space 1536K, 0% used [0x00000000d5b80000,0x00000000d5b80000,0x00000000d5d00000)
 ParOldGen       total 210432K, used 210131K [0x0000000080000000, 0x000000008cd80000, 0x00000000d5580000)
  object space 210432K, 99% used [0x0000000080000000,0x000000008cd34fd0,0x000000008cd80000)
 Metaspace       used 54998K, committed 56384K, reserved 1114112K
  class space    used 5935K, committed 6592K, reserved 1048576K
}
Event: 12.655 GC heap before
{Heap before GC invocations=142 (full 2):
 PSYoungGen      total 6144K, used 5859K [0x00000000d5580000, 0x00000000d5d00000, 0x0000000100000000)
  eden space 4608K, 100% used [0x00000000d5580000,0x00000000d5a00000,0x00000000d5a00000)
  from space 1536K, 81% used [0x00000000d5a00000,0x00000000d5b38ed8,0x00000000d5b80000)
  to   space 1536K, 0% used [0x00000000d5b80000,0x00000000d5b80000,0x00000000d5d00000)
 ParOldGen       total 210432K, used 210131K [0x0000000080000000, 0x000000008cd80000, 0x00000000d5580000)
  object space 210432K, 99% used [0x0000000080000000,0x000000008cd34fd0,0x000000008cd80000)
 Metaspace       used 55045K, committed 56448K, reserved 1114112K
  class space    used 5940K, committed 6592K, reserved 1048576K
}
Event: 12.658 GC heap after
{Heap after GC invocations=142 (full 2):
 PSYoungGen      total 6144K, used 1130K [0x00000000d5580000, 0x00000000d5d00000, 0x0000000100000000)
  eden space 4608K, 0% used [0x00000000d5580000,0x00000000d5580000,0x00000000d5a00000)
  from space 1536K, 73% used [0x00000000d5b80000,0x00000000d5c9aa18,0x00000000d5d00000)
  to   space 1536K, 0% used [0x00000000d5a00000,0x00000000d5a00000,0x00000000d5b80000)
 ParOldGen       total 211456K, used 211257K [0x0000000080000000, 0x000000008ce80000, 0x00000000d5580000)
  object space 211456K, 99% used [0x0000000080000000,0x000000008ce4e690,0x000000008ce80000)
 Metaspace       used 55045K, committed 56448K, reserved 1114112K
  class space    used 5940K, committed 6592K, reserved 1048576K
}
Event: 12.674 GC heap before
{Heap before GC invocations=143 (full 2):
 PSYoungGen      total 6144K, used 5738K [0x00000000d5580000, 0x00000000d5d00000, 0x0000000100000000)
  eden space 4608K, 100% used [0x00000000d5580000,0x00000000d5a00000,0x00000000d5a00000)
  from space 1536K, 73% used [0x00000000d5b80000,0x00000000d5c9aa18,0x00000000d5d00000)
  to   space 1536K, 0% used [0x00000000d5a00000,0x00000000d5a00000,0x00000000d5b80000)
 ParOldGen       total 211456K, used 211257K [0x0000000080000000, 0x000000008ce80000, 0x00000000d5580000)
  object space 211456K, 99% used [0x0000000080000000,0x000000008ce4e690,0x000000008ce80000)
 Metaspace       used 55102K, committed 56512K, reserved 1114112K
  class space    used 5949K, committed 6592K, reserved 1048576K
}
Event: 12.676 GC heap after
{Heap after GC invocations=143 (full 2):
 PSYoungGen      total 6144K, used 1157K [0x00000000d5580000, 0x00000000d5d00000, 0x0000000100000000)
  eden space 4608K, 0% used [0x00000000d5580000,0x00000000d5580000,0x00000000d5a00000)
  from space 1536K, 75% used [0x00000000d5a00000,0x00000000d5b217b8,0x00000000d5b80000)
  to   space 1536K, 0% used [0x00000000d5b80000,0x00000000d5b80000,0x00000000d5d00000)
 ParOldGen       total 212480K, used 212209K [0x0000000080000000, 0x000000008cf80000, 0x00000000d5580000)
  object space 212480K, 99% used [0x0000000080000000,0x000000008cf3c420,0x000000008cf80000)
 Metaspace       used 55102K, committed 56512K, reserved 1114112K
  class space    used 5949K, committed 6592K, reserved 1048576K
}
Event: 12.695 GC heap before
{Heap before GC invocations=144 (full 2):
 PSYoungGen      total 6144K, used 5765K [0x00000000d5580000, 0x00000000d5d00000, 0x0000000100000000)
  eden space 4608K, 100% used [0x00000000d5580000,0x00000000d5a00000,0x00000000d5a00000)
  from space 1536K, 75% used [0x00000000d5a00000,0x00000000d5b217b8,0x00000000d5b80000)
  to   space 1536K, 0% used [0x00000000d5b80000,0x00000000d5b80000,0x00000000d5d00000)
 ParOldGen       total 212480K, used 212209K [0x0000000080000000, 0x000000008cf80000, 0x00000000d5580000)
  object space 212480K, 99% used [0x0000000080000000,0x000000008cf3c420,0x000000008cf80000)
 Metaspace       used 55165K, committed 56576K, reserved 1114112K
  class space    used 5956K, committed 6592K, reserved 1048576K
}
Event: 12.697 GC heap after
{Heap after GC invocations=144 (full 2):
 PSYoungGen      total 6144K, used 1062K [0x00000000d5580000, 0x00000000d5d00000, 0x0000000100000000)
  eden space 4608K, 0% used [0x00000000d5580000,0x00000000d5580000,0x00000000d5a00000)
  from space 1536K, 69% used [0x00000000d5b80000,0x00000000d5c899e8,0x00000000d5d00000)
  to   space 1536K, 0% used [0x00000000d5a00000,0x00000000d5a00000,0x00000000d5b80000)
 ParOldGen       total 213504K, used 213098K [0x0000000080000000, 0x000000008d080000, 0x00000000d5580000)
  object space 213504K, 99% used [0x0000000080000000,0x000000008d01a850,0x000000008d080000)
 Metaspace       used 55165K, committed 56576K, reserved 1114112K
  class space    used 5956K, committed 6592K, reserved 1048576K
}
Event: 12.720 GC heap before
{Heap before GC invocations=145 (full 2):
 PSYoungGen      total 6144K, used 5670K [0x00000000d5580000, 0x00000000d5d00000, 0x0000000100000000)
  eden space 4608K, 100% used [0x00000000d5580000,0x00000000d5a00000,0x00000000d5a00000)
  from space 1536K, 69% used [0x00000000d5b80000,0x00000000d5c899e8,0x00000000d5d00000)
  to   space 1536K, 0% used [0x00000000d5a00000,0x00000000d5a00000,0x00000000d5b80000)
 ParOldGen       total 213504K, used 213098K [0x0000000080000000, 0x000000008d080000, 0x00000000d5580000)
  object space 213504K, 99% used [0x0000000080000000,0x000000008d01a850,0x000000008d080000)
 Metaspace       used 55201K, committed 56576K, reserved 1114112K
  class space    used 5962K, committed 6592K, reserved 1048576K
}
Event: 12.722 GC heap after
{Heap after GC invocations=145 (full 2):
 PSYoungGen      total 6144K, used 1282K [0x00000000d5580000, 0x00000000d5d00000, 0x0000000100000000)
  eden space 4608K, 0% used [0x00000000d5580000,0x00000000d5580000,0x00000000d5a00000)
  from space 1536K, 83% used [0x00000000d5a00000,0x00000000d5b40b68,0x00000000d5b80000)
  to   space 1536K, 0% used [0x00000000d5b80000,0x00000000d5b80000,0x00000000d5d00000)
 ParOldGen       total 214016K, used 214003K [0x0000000080000000, 0x000000008d100000, 0x00000000d5580000)
  object space 214016K, 99% used [0x0000000080000000,0x000000008d0fcdd8,0x000000008d100000)
 Metaspace       used 55201K, committed 56576K, reserved 1114112K
  class space    used 5962K, committed 6592K, reserved 1048576K
}
Event: 12.737 GC heap before
{Heap before GC invocations=146 (full 2):
 PSYoungGen      total 6144K, used 5890K [0x00000000d5580000, 0x00000000d5d00000, 0x0000000100000000)
  eden space 4608K, 100% used [0x00000000d5580000,0x00000000d5a00000,0x00000000d5a00000)
  from space 1536K, 83% used [0x00000000d5a00000,0x00000000d5b40b68,0x00000000d5b80000)
  to   space 1536K, 0% used [0x00000000d5b80000,0x00000000d5b80000,0x00000000d5d00000)
 ParOldGen       total 214016K, used 214003K [0x0000000080000000, 0x000000008d100000, 0x00000000d5580000)
  object space 214016K, 99% used [0x0000000080000000,0x000000008d0fcdd8,0x000000008d100000)
 Metaspace       used 55249K, committed 56640K, reserved 1114112K
  class space    used 5968K, committed 6592K, reserved 1048576K
}
Event: 12.740 GC heap after
{Heap after GC invocations=146 (full 2):
 PSYoungGen      total 6144K, used 1515K [0x00000000d5580000, 0x00000000d5d00000, 0x0000000100000000)
  eden space 4608K, 0% used [0x00000000d5580000,0x00000000d5580000,0x00000000d5a00000)
  from space 1536K, 98% used [0x00000000d5b80000,0x00000000d5cfad78,0x00000000d5d00000)
  to   space 1536K, 0% used [0x00000000d5a00000,0x00000000d5a00000,0x00000000d5b80000)
 ParOldGen       total 215552K, used 215076K [0x0000000080000000, 0x000000008d280000, 0x00000000d5580000)
  object space 215552K, 99% used [0x0000000080000000,0x000000008d209028,0x000000008d280000)
 Metaspace       used 55249K, committed 56640K, reserved 1114112K
  class space    used 5968K, committed 6592K, reserved 1048576K
}

Dll operation events (10 events):
Event: 0.012 Loaded shared library c:\Users\tulsi\.vscode\extensions\redhat.java-1.52.0-win32-x64\jre\21.0.9-win32-x86_64\bin\java.dll
Event: 0.086 Loaded shared library c:\Users\tulsi\.vscode\extensions\redhat.java-1.52.0-win32-x64\jre\21.0.9-win32-x86_64\bin\zip.dll
Event: 0.107 Loaded shared library C:\Users\tulsi\.vscode\extensions\redhat.java-1.52.0-win32-x64\jre\21.0.9-win32-x86_64\bin\instrument.dll
Event: 0.112 Loaded shared library C:\Users\tulsi\.vscode\extensions\redhat.java-1.52.0-win32-x64\jre\21.0.9-win32-x86_64\bin\net.dll
Event: 0.114 Loaded shared library C:\Users\tulsi\.vscode\extensions\redhat.java-1.52.0-win32-x64\jre\21.0.9-win32-x86_64\bin\nio.dll
Event: 0.117 Loaded shared library C:\Users\tulsi\.vscode\extensions\redhat.java-1.52.0-win32-x64\jre\21.0.9-win32-x86_64\bin\zip.dll
Event: 0.134 Loaded shared library C:\Users\tulsi\.vscode\extensions\redhat.java-1.52.0-win32-x64\jre\21.0.9-win32-x86_64\bin\jimage.dll
Event: 0.251 Loaded shared library c:\Users\tulsi\.vscode\extensions\redhat.java-1.52.0-win32-x64\jre\21.0.9-win32-x86_64\bin\verify.dll
Event: 1.922 Loaded shared library C:\Users\tulsi\AppData\Roaming\Code\User\globalStorage\redhat.java\1.52.0\config_win\org.eclipse.equinox.launcher\org.eclipse.equinox.launcher.win32.win32.x86_64_1.2.1500.v20260121-1430\eclipse_11919.dll
Event: 4.133 Loaded shared library C:\Users\tulsi\AppData\Local\Temp\jna-110721441\jna15561635016634836194.dll

Deoptimization events (20 events):
Event: 12.658 Thread 0x00000180f0470040 Uncommon trap: trap_request=0xffffffde fr.pc=0x000001809b82647c relative=0x00000000000001bc
Event: 12.658 Thread 0x00000180f0470040 Uncommon trap: reason=class_check action=maybe_recompile pc=0x000001809b82647c method=java.util.ArrayList.hashCodeRange(II)I @ 53 c2
Event: 12.658 Thread 0x00000180f0470040 DEOPT PACKING pc=0x000001809b82647c sp=0x00000018f74fd6b0
Event: 12.658 Thread 0x00000180f0470040 DEOPT UNPACKING pc=0x000001809adc3aa2 sp=0x00000018f74fd5c8 mode 2
Event: 12.683 Thread 0x00000180f0470040 Uncommon trap: trap_request=0xffffffde fr.pc=0x000001809b82647c relative=0x00000000000001bc
Event: 12.683 Thread 0x00000180f0470040 Uncommon trap: reason=class_check action=maybe_recompile pc=0x000001809b82647c method=java.util.ArrayList.hashCodeRange(II)I @ 53 c2
Event: 12.683 Thread 0x00000180f0470040 DEOPT PACKING pc=0x000001809b82647c sp=0x00000018f74fd560
Event: 12.683 Thread 0x00000180f0470040 DEOPT UNPACKING pc=0x000001809adc3aa2 sp=0x00000018f74fd478 mode 2
Event: 12.706 Thread 0x00000180f0470040 Uncommon trap: trap_request=0xffffff45 fr.pc=0x000001809b4f5b68 relative=0x00000000000004a8
Event: 12.706 Thread 0x00000180f0470040 Uncommon trap: reason=unstable_if action=reinterpret pc=0x000001809b4f5b68 method=java.lang.String.replace(CC)Ljava/lang/String; @ 2 c2
Event: 12.706 Thread 0x00000180f0470040 DEOPT PACKING pc=0x000001809b4f5b68 sp=0x00000018f74fd9c0
Event: 12.706 Thread 0x00000180f0470040 DEOPT UNPACKING pc=0x000001809adc3aa2 sp=0x00000018f74fd970 mode 2
Event: 12.707 Thread 0x00000180f0470040 Uncommon trap: trap_request=0xffffffde fr.pc=0x000001809b82647c relative=0x00000000000001bc
Event: 12.707 Thread 0x00000180f0470040 Uncommon trap: reason=class_check action=maybe_recompile pc=0x000001809b82647c method=java.util.ArrayList.hashCodeRange(II)I @ 53 c2
Event: 12.707 Thread 0x00000180f0470040 DEOPT PACKING pc=0x000001809b82647c sp=0x00000018f74fd6b0
Event: 12.707 Thread 0x00000180f0470040 DEOPT UNPACKING pc=0x000001809adc3aa2 sp=0x00000018f74fd5c8 mode 2
Event: 12.707 Thread 0x00000180f0470040 Uncommon trap: trap_request=0xffffffde fr.pc=0x000001809b82647c relative=0x00000000000001bc
Event: 12.707 Thread 0x00000180f0470040 Uncommon trap: reason=class_check action=maybe_recompile pc=0x000001809b82647c method=java.util.ArrayList.hashCodeRange(II)I @ 53 c2
Event: 12.707 Thread 0x00000180f0470040 DEOPT PACKING pc=0x000001809b82647c sp=0x00000018f74fd560
Event: 12.707 Thread 0x00000180f0470040 DEOPT UNPACKING pc=0x000001809adc3aa2 sp=0x00000018f74fd478 mode 2

Classes loaded (20 events):
Event: 10.536 Loading class java/nio/file/Files$2
Event: 10.536 Loading class java/nio/file/Files$2 done
Event: 10.735 Loading class jdk/internal/org/objectweb/asm/ClassReader
Event: 10.737 Loading class jdk/internal/org/objectweb/asm/ClassReader done
Event: 10.793 Loading class java/util/concurrent/ArrayBlockingQueue
Event: 10.793 Loading class java/util/concurrent/ArrayBlockingQueue done
Event: 11.068 Loading class java/util/Hashtable$ValueCollection
Event: 11.069 Loading class java/util/Hashtable$ValueCollection done
Event: 11.082 Loading class java/util/concurrent/ConcurrentHashMap$KeySpliterator
Event: 11.082 Loading class java/util/concurrent/ConcurrentHashMap$KeySpliterator done
Event: 11.109 Loading class sun/nio/ch/ChannelOutputStream
Event: 11.109 Loading class sun/nio/ch/ChannelOutputStream done
Event: 11.961 Loading class java/lang/ProcessEnvironment$CheckedKeySet
Event: 11.961 Loading class java/lang/ProcessEnvironment$CheckedKeySet done
Event: 12.457 Loading class java/util/regex/Pattern$Pos
Event: 12.457 Loading class java/util/regex/Pattern$Pos done
Event: 12.566 Loading class sun/security/provider/MD5
Event: 12.567 Loading class sun/security/provider/MD5 done
Event: 12.567 Loading class sun/security/provider/ByteArrayAccess$LE
Event: 12.568 Loading class sun/security/provider/ByteArrayAccess$LE done

Classes unloaded (7 events):
Event: 4.719 Thread 0x00000180e95b4ba0 Unloading class 0x00000180a81af400 'java/lang/invoke/LambdaForm$MH+0x00000180a81af400'
Event: 4.719 Thread 0x00000180e95b4ba0 Unloading class 0x00000180a81af000 'java/lang/invoke/LambdaForm$MH+0x00000180a81af000'
Event: 4.719 Thread 0x00000180e95b4ba0 Unloading class 0x00000180a81aec00 'java/lang/invoke/LambdaForm$MH+0x00000180a81aec00'
Event: 4.719 Thread 0x00000180e95b4ba0 Unloading class 0x00000180a81ae800 'java/lang/invoke/LambdaForm$MH+0x00000180a81ae800'
Event: 4.719 Thread 0x00000180e95b4ba0 Unloading class 0x00000180a81ae400 'java/lang/invoke/LambdaForm$BMH+0x00000180a81ae400'
Event: 4.719 Thread 0x00000180e95b4ba0 Unloading class 0x00000180a81ae000 'java/lang/invoke/LambdaForm$DMH+0x00000180a81ae000'
Event: 4.719 Thread 0x00000180e95b4ba0 Unloading class 0x00000180a81acc00 'java/lang/invoke/LambdaForm$DMH+0x00000180a81acc00'

Classes redefined (0 events):
No events

Internal exceptions (20 events):
Event: 7.726 Thread 0x00000180f0470040 Exception <a 'java/lang/NoSuchMethodError'{0x00000000d5c03ba0}: 'java.lang.Object java.lang.invoke.DelegatingMethodHandle$Holder.reinvoke_L(java.lang.Object, int, long, java.lang.Object, java.lang.Object, int, java.lang.Object)'> (0x00000000d5c03ba0) 
thrown [s\src\hotspot\share\interpreter\linkResolver.cpp, line 773]
Event: 8.089 Thread 0x00000180f41e4ec0 Exception <a 'java/io/FileNotFoundException'{0x00000000d579a9c8}> (0x00000000d579a9c8) 
thrown [s\src\hotspot\share\prims\jni.cpp, line 520]
Event: 8.146 Thread 0x00000180f0472110 Exception <a 'sun/nio/fs/WindowsException'{0x00000000d61b1588}> (0x00000000d61b1588) 
thrown [s\src\hotspot\share\prims\jni.cpp, line 520]
Event: 8.179 Thread 0x00000180f41e4ec0 Exception <a 'java/lang/NoSuchMethodError'{0x00000000d65d8a08}: 'java.lang.Object java.lang.invoke.DirectMethodHandle$Holder.invokeStatic(java.lang.Object, int, java.lang.Object, java.lang.Object)'> (0x00000000d65d8a08) 
thrown [s\src\hotspot\share\interpreter\linkResolver.cpp, line 773]
Event: 8.190 Thread 0x00000180f41e4ec0 Exception <a 'java/lang/NoSuchMethodError'{0x00000000d55a4730}: 'java.lang.Object java.lang.invoke.DelegatingMethodHandle$Holder.delegate(java.lang.Object, int, java.lang.Object, java.lang.Object)'> (0x00000000d55a4730) 
thrown [s\src\hotspot\share\interpreter\linkResolver.cpp, line 773]
Event: 8.199 Thread 0x00000180f41e4ec0 Exception <a 'java/lang/NoSuchMethodError'{0x00000000d572dfe0}: 'int java.lang.invoke.Invokers$Holder.linkToTargetMethod(java.lang.Object, java.lang.Object, java.lang.Object)'> (0x00000000d572dfe0) 
thrown [s\src\hotspot\share\interpreter\linkResolver.cpp, line 773]
Event: 8.421 Thread 0x00000180f0472110 Exception <a 'sun/nio/fs/WindowsException'{0x00000000d5ca22e0}> (0x00000000d5ca22e0) 
thrown [s\src\hotspot\share\prims\jni.cpp, line 520]
Event: 8.680 Thread 0x00000180f0472110 Exception <a 'java/lang/NoSuchMethodError'{0x00000000d5bf0e40}: 'java.lang.Object java.lang.invoke.DirectMethodHandle$Holder.invokeVirtual(java.lang.Object, java.lang.Object, int)'> (0x00000000d5bf0e40) 
thrown [s\src\hotspot\share\interpreter\linkResolver.cpp, line 773]
Event: 8.955 Thread 0x00000180f0472110 Implicit null exception at 0x000001809b572c69 to 0x000001809b572e3c
Event: 10.543 Thread 0x00000180f0470040 Exception <a 'java/lang/NoSuchMethodError'{0x00000000d59ad230}: 'int java.lang.invoke.DirectMethodHandle$Holder.invokeSpecialIFC(java.lang.Object, java.lang.Object, java.lang.Object)'> (0x00000000d59ad230) 
thrown [s\src\hotspot\share\interpreter\linkResolver.cpp, line 773]
Event: 10.677 Thread 0x00000180f046f9b0 Exception <a 'java/lang/ExceptionInInitializerError'{0x00000000d5e46798}> (0x00000000d5e46798) 
thrown [s\src\hotspot\share\oops\instanceKlass.cpp, line 1220]
Event: 10.741 Thread 0x00000180f046f9b0 Implicit null exception at 0x000001809b6063fe to 0x000001809b606670
Event: 10.742 Thread 0x00000180f046f9b0 Implicit null exception at 0x000001809b57641c to 0x000001809b577338
Event: 10.767 Thread 0x00000180f046f9b0 Exception <a 'java/lang/NoSuchMethodError'{0x00000000d55ee3b0}: 'java.lang.Object java.lang.invoke.Invokers$Holder.invokeExact_MT(java.lang.Object, int, java.lang.Object)'> (0x00000000d55ee3b0) 
thrown [s\src\hotspot\share\interpreter\linkResolver.cpp, line 773]
Event: 10.944 Thread 0x00000180f41e6900 Exception <a 'java/lang/NoSuchMethodError'{0x00000000d5804668}: 'void java.lang.invoke.DirectMethodHandle$Holder.invokeStatic(java.lang.Object, int, java.lang.Object)'> (0x00000000d5804668) 
thrown [s\src\hotspot\share\interpreter\linkResolver.cpp, line 773]
Event: 11.098 Thread 0x00000180f0470040 Implicit null exception at 0x000001809b663602 to 0x000001809b6636fc
Event: 11.099 Thread 0x00000180f0470040 Exception <a 'java/lang/NoSuchMethodError'{0x00000000d55859d0}: 'java.lang.Object java.lang.invoke.DirectMethodHandle$Holder.newInvokeSpecial(java.lang.Object, java.lang.Object, int, int, java.lang.Object)'> (0x00000000d55859d0) 
thrown [s\src\hotspot\share\interpreter\linkResolver.cpp, line 773]
Event: 11.212 Thread 0x00000180f0470040 Exception <a 'sun/nio/fs/WindowsException'{0x00000000d59c4380}> (0x00000000d59c4380) 
thrown [s\src\hotspot\share\prims\jni.cpp, line 520]
Event: 11.212 Thread 0x00000180f0470040 Exception <a 'sun/nio/fs/WindowsException'{0x00000000d59c49b0}> (0x00000000d59c49b0) 
thrown [s\src\hotspot\share\prims\jni.cpp, line 520]
Event: 11.913 Thread 0x00000180f046f9b0 Exception <a 'java/lang/NoClassDefFoundError'{0x00000000d58b0900}: com/google/inject/servlet/ServletModuleTargetVisitor> (0x00000000d58b0900) 
thrown [s\src\hotspot\share\classfile\systemDictionary.cpp, line 301]

ZGC Phase Switch (0 events):
No events

VM Operations (20 events):
Event: 12.551 Executing VM operation: ParallelGCFailedAllocation (Allocation Failure)
Event: 12.558 Executing VM operation: ParallelGCFailedAllocation (Allocation Failure) done
Event: 12.584 Executing VM operation: ParallelGCFailedAllocation (Allocation Failure)
Event: 12.593 Executing VM operation: ParallelGCFailedAllocation (Allocation Failure) done
Event: 12.610 Executing VM operation: ParallelGCFailedAllocation (Allocation Failure)
Event: 12.612 Executing VM operation: ParallelGCFailedAllocation (Allocation Failure) done
Event: 12.627 Executing VM operation: ParallelGCFailedAllocation (Allocation Failure)
Event: 12.629 Executing VM operation: ParallelGCFailedAllocation (Allocation Failure) done
Event: 12.638 Executing VM operation: ParallelGCFailedAllocation (Allocation Failure)
Event: 12.641 Executing VM operation: ParallelGCFailedAllocation (Allocation Failure) done
Event: 12.655 Executing VM operation: ParallelGCFailedAllocation (Allocation Failure)
Event: 12.658 Executing VM operation: ParallelGCFailedAllocation (Allocation Failure) done
Event: 12.674 Executing VM operation: ParallelGCFailedAllocation (Allocation Failure)
Event: 12.676 Executing VM operation: ParallelGCFailedAllocation (Allocation Failure) done
Event: 12.695 Executing VM operation: ParallelGCFailedAllocation (Allocation Failure)
Event: 12.697 Executing VM operation: ParallelGCFailedAllocation (Allocation Failure) done
Event: 12.713 Executing VM operation: ParallelGCFailedAllocation (Allocation Failure)
Event: 12.722 Executing VM operation: ParallelGCFailedAllocation (Allocation Failure) done
Event: 12.737 Executing VM operation: ParallelGCFailedAllocation (Allocation Failure)
Event: 12.740 Executing VM operation: ParallelGCFailedAllocation (Allocation Failure) done

Memory protections (0 events):
No events

Nmethod flushes (20 events):
Event: 6.485 Thread 0x00000180e95b4ba0 flushing  nmethod 0x0000018093fdd190
Event: 6.485 Thread 0x00000180e95b4ba0 flushing  nmethod 0x0000018094004910
Event: 6.485 Thread 0x00000180e95b4ba0 flushing  nmethod 0x000001809400ad10
Event: 6.485 Thread 0x00000180e95b4ba0 flushing  nmethod 0x000001809402d890
Event: 6.485 Thread 0x00000180e95b4ba0 flushing  nmethod 0x000001809402ed10
Event: 6.485 Thread 0x00000180e95b4ba0 flushing  nmethod 0x000001809402f610
Event: 6.485 Thread 0x00000180e95b4ba0 flushing  nmethod 0x0000018094030810
Event: 6.485 Thread 0x00000180e95b4ba0 flushing  nmethod 0x0000018094031010
Event: 6.485 Thread 0x00000180e95b4ba0 flushing  nmethod 0x0000018094031790
Event: 6.485 Thread 0x00000180e95b4ba0 flushing  nmethod 0x0000018094033610
Event: 6.485 Thread 0x00000180e95b4ba0 flushing  nmethod 0x0000018094033a90
Event: 6.485 Thread 0x00000180e95b4ba0 flushing  nmethod 0x0000018094034f10
Event: 6.485 Thread 0x00000180e95b4ba0 flushing  nmethod 0x0000018094036190
Event: 6.485 Thread 0x00000180e95b4ba0 flushing  nmethod 0x0000018094038410
Event: 6.485 Thread 0x00000180e95b4ba0 flushing  nmethod 0x0000018094074890
Event: 6.485 Thread 0x00000180e95b4ba0 flushing  nmethod 0x0000018094075390
Event: 6.485 Thread 0x00000180e95b4ba0 flushing  nmethod 0x000001809407b110
Event: 6.485 Thread 0x00000180e95b4ba0 flushing  nmethod 0x0000018094082610
Event: 6.485 Thread 0x00000180e95b4ba0 flushing  nmethod 0x0000018094143210
Event: 6.485 Thread 0x00000180e95b4ba0 flushing  nmethod 0x0000018094143690

Events (20 events):
Event: 6.605 Thread 0x00000180e986c930 Thread added: 0x00000180ef49d4a0
Event: 7.190 Thread 0x00000180f0470040 Thread added: 0x00000180f4b628f0
Event: 7.205 Thread 0x00000180f0471a80 Thread added: 0x00000180f4b62f80
Event: 7.335 Thread 0x00000180e95d6700 Thread added: 0x00000180f4b6c150
Event: 7.347 Thread 0x00000180e95d6700 Thread added: 0x00000180f0ef0080
Event: 7.460 Thread 0x000001809071f820 Thread added: 0x00000180f41e4830
Event: 7.461 Thread 0x000001809071f820 Thread added: 0x00000180f41e4ec0
Event: 8.996 Thread 0x00000180f0470040 Thread added: 0x00000180f41e2df0
Event: 8.997 Thread 0x00000180f0470040 Thread added: 0x00000180f41e3480
Event: 8.998 Thread 0x00000180f0470040 Thread added: 0x00000180f41e2760
Event: 8.999 Thread 0x00000180f0470040 Thread added: 0x00000180f41e20d0
Event: 8.999 Thread 0x00000180f0470040 Thread added: 0x00000180f41e3b10
Event: 10.796 Thread 0x00000180f0470040 Thread added: 0x00000180f41e6900
Event: 11.102 Thread 0x00000180f0470040 Thread added: 0x00000180f41e6270
Event: 11.168 Thread 0x00000180f0470040 Thread added: 0x00000180f41e6f90
Event: 11.169 Thread 0x00000180f0470040 Thread added: 0x00000180f41e7620
Event: 11.185 Thread 0x00000180f0470040 Thread added: 0x00000180f41e7cb0
Event: 11.186 Thread 0x00000180f0470040 Thread added: 0x00000180f41e8340
Event: 11.200 Thread 0x00000180f0470040 Thread added: 0x00000180f41e89d0
Event: 11.204 Thread 0x00000180f0470040 Thread added: 0x00000180f41e5550


Dynamic libraries:
0x00007ff610490000 - 0x00007ff61049e000 	c:\Users\tulsi\.vscode\extensions\redhat.java-1.52.0-win32-x64\jre\21.0.9-win32-x86_64\bin\java.exe
0x00007ffec94c0000 - 0x00007ffec9727000 	C:\WINDOWS\SYSTEM32\ntdll.dll
0x00007ffec8700000 - 0x00007ffec87c9000 	C:\WINDOWS\System32\KERNEL32.DLL
0x00007ffec6760000 - 0x00007ffec6b4f000 	C:\WINDOWS\System32\KERNELBASE.dll
0x00007ffec6610000 - 0x00007ffec675b000 	C:\WINDOWS\System32\ucrtbase.dll
0x00007ffe9c540000 - 0x00007ffe9c55e000 	c:\Users\tulsi\.vscode\extensions\redhat.java-1.52.0-win32-x64\jre\21.0.9-win32-x86_64\bin\VCRUNTIME140.dll
0x00007ffe96f40000 - 0x00007ffe96f58000 	c:\Users\tulsi\.vscode\extensions\redhat.java-1.52.0-win32-x64\jre\21.0.9-win32-x86_64\bin\jli.dll
0x00007ffec8fd0000 - 0x00007ffec9195000 	C:\WINDOWS\System32\USER32.dll
0x00007ffe9fa90000 - 0x00007ffe9fd23000 	C:\WINDOWS\WinSxS\amd64_microsoft.windows.common-controls_6595b64144ccf1df_6.0.26100.7309_none_3e05feeae336a044\COMCTL32.dll
0x00007ffec7230000 - 0x00007ffec7257000 	C:\WINDOWS\System32\win32u.dll
0x00007ffec91a0000 - 0x00007ffec9249000 	C:\WINDOWS\System32\msvcrt.dll
0x00007ffec8fa0000 - 0x00007ffec8fcb000 	C:\WINDOWS\System32\GDI32.dll
0x00007ffec6bf0000 - 0x00007ffec6d1c000 	C:\WINDOWS\System32\gdi32full.dll
0x00007ffec6e90000 - 0x00007ffec6f33000 	C:\WINDOWS\System32\msvcp_win.dll
0x00007ffec7d40000 - 0x00007ffec7d71000 	C:\WINDOWS\System32\IMM32.DLL
0x00007ffebe0b0000 - 0x00007ffebe0bc000 	c:\Users\tulsi\.vscode\extensions\redhat.java-1.52.0-win32-x64\jre\21.0.9-win32-x86_64\bin\vcruntime140_1.dll
0x00007ffe564f0000 - 0x00007ffe5657d000 	c:\Users\tulsi\.vscode\extensions\redhat.java-1.52.0-win32-x64\jre\21.0.9-win32-x86_64\bin\msvcp140.dll
0x00007ffde1ba0000 - 0x00007ffde2940000 	c:\Users\tulsi\.vscode\extensions\redhat.java-1.52.0-win32-x64\jre\21.0.9-win32-x86_64\bin\server\jvm.dll
0x00007ffec74b0000 - 0x00007ffec7564000 	C:\WINDOWS\System32\ADVAPI32.dll
0x00007ffec7c90000 - 0x00007ffec7d36000 	C:\WINDOWS\System32\sechost.dll
0x00007ffec92d0000 - 0x00007ffec93e8000 	C:\WINDOWS\System32\RPCRT4.dll
0x00007ffec8ed0000 - 0x00007ffec8f44000 	C:\WINDOWS\System32\WS2_32.dll
0x00007ffeb1ca0000 - 0x00007ffeb1cab000 	C:\WINDOWS\SYSTEM32\VERSION.dll
0x00007ffec6470000 - 0x00007ffec64ce000 	C:\WINDOWS\SYSTEM32\POWRPROF.dll
0x00007ffec0ba0000 - 0x00007ffec0bd5000 	C:\WINDOWS\SYSTEM32\WINMM.dll
0x00007ffec6450000 - 0x00007ffec6464000 	C:\WINDOWS\SYSTEM32\UMPDC.dll
0x00007ffec53c0000 - 0x00007ffec53db000 	C:\WINDOWS\SYSTEM32\kernel.appcore.dll
0x00007ffeb4ab0000 - 0x00007ffeb4aba000 	c:\Users\tulsi\.vscode\extensions\redhat.java-1.52.0-win32-x64\jre\21.0.9-win32-x86_64\bin\jimage.dll
0x00007ffec3d70000 - 0x00007ffec3fb2000 	C:\WINDOWS\SYSTEM32\DBGHELP.DLL
0x00007ffec8860000 - 0x00007ffec8be6000 	C:\WINDOWS\System32\combase.dll
0x00007ffec73d0000 - 0x00007ffec74a6000 	C:\WINDOWS\System32\OLEAUT32.dll
0x00007ffe9c000000 - 0x00007ffe9c03c000 	C:\WINDOWS\SYSTEM32\dbgcore.DLL
0x00007ffec7180000 - 0x00007ffec7225000 	C:\WINDOWS\System32\bcryptPrimitives.dll
0x00007ffeb47e0000 - 0x00007ffeb47ef000 	c:\Users\tulsi\.vscode\extensions\redhat.java-1.52.0-win32-x64\jre\21.0.9-win32-x86_64\bin\instrument.dll
0x00007ffe96f20000 - 0x00007ffe96f40000 	c:\Users\tulsi\.vscode\extensions\redhat.java-1.52.0-win32-x64\jre\21.0.9-win32-x86_64\bin\java.dll
0x00007ffec7db0000 - 0x00007ffec8503000 	C:\WINDOWS\System32\SHELL32.dll
0x00007ffec6d20000 - 0x00007ffec6e8a000 	C:\WINDOWS\System32\wintypes.dll
0x00007ffec41e0000 - 0x00007ffec4a3e000 	C:\WINDOWS\SYSTEM32\windows.storage.dll
0x00007ffec8bf0000 - 0x00007ffec8ce5000 	C:\WINDOWS\System32\SHCORE.dll
0x00007ffec7570000 - 0x00007ffec75d6000 	C:\WINDOWS\System32\shlwapi.dll
0x00007ffec6530000 - 0x00007ffec6559000 	C:\WINDOWS\SYSTEM32\profapi.dll
0x00007ffe8fd10000 - 0x00007ffe8fd28000 	c:\Users\tulsi\.vscode\extensions\redhat.java-1.52.0-win32-x64\jre\21.0.9-win32-x86_64\bin\zip.dll
0x00007ffe9e950000 - 0x00007ffe9e960000 	C:\Users\tulsi\.vscode\extensions\redhat.java-1.52.0-win32-x64\jre\21.0.9-win32-x86_64\bin\net.dll
0x00007ffeb5a50000 - 0x00007ffeb5b78000 	C:\WINDOWS\SYSTEM32\WINHTTP.dll
0x00007ffec5930000 - 0x00007ffec599b000 	C:\WINDOWS\system32\mswsock.dll
0x00007ffe87a50000 - 0x00007ffe87a66000 	C:\Users\tulsi\.vscode\extensions\redhat.java-1.52.0-win32-x64\jre\21.0.9-win32-x86_64\bin\nio.dll
0x00007ffe9e100000 - 0x00007ffe9e110000 	c:\Users\tulsi\.vscode\extensions\redhat.java-1.52.0-win32-x64\jre\21.0.9-win32-x86_64\bin\verify.dll
0x00007ffe77d00000 - 0x00007ffe77d45000 	C:\Users\tulsi\AppData\Roaming\Code\User\globalStorage\redhat.java\1.52.0\config_win\org.eclipse.equinox.launcher\org.eclipse.equinox.launcher.win32.win32.x86_64_1.2.1500.v20260121-1430\eclipse_11919.dll
0x00007ffec7af0000 - 0x00007ffec7c87000 	C:\WINDOWS\System32\ole32.dll
0x00007ffec5bf0000 - 0x00007ffec5c0b000 	C:\WINDOWS\SYSTEM32\CRYPTSP.dll
0x00007ffec5320000 - 0x00007ffec535a000 	C:\WINDOWS\system32\rsaenh.dll
0x00007ffec59e0000 - 0x00007ffec5a0b000 	C:\WINDOWS\SYSTEM32\USERENV.dll
0x00007ffec6500000 - 0x00007ffec652a000 	C:\WINDOWS\SYSTEM32\bcrypt.dll
0x00007ffec5c10000 - 0x00007ffec5c1c000 	C:\WINDOWS\SYSTEM32\CRYPTBASE.dll
0x00007ffec4de0000 - 0x00007ffec4e14000 	C:\WINDOWS\SYSTEM32\IPHLPAPI.DLL
0x00007ffec9470000 - 0x00007ffec947a000 	C:\WINDOWS\System32\NSI.dll
0x00007ffe49ef0000 - 0x00007ffe49f39000 	C:\Users\tulsi\AppData\Local\Temp\jna-110721441\jna15561635016634836194.dll
0x00007ffec8510000 - 0x00007ffec8518000 	C:\WINDOWS\System32\PSAPI.DLL
0x00007ffeb5bb0000 - 0x00007ffeb5bce000 	C:\WINDOWS\SYSTEM32\dhcpcsvc6.DLL
0x00007ffeb5b80000 - 0x00007ffeb5ba3000 	C:\WINDOWS\SYSTEM32\dhcpcsvc.DLL

JVMTI agents:
c:\Users\tulsi\.vscode\extensions\redhat.java-1.52.0-win32-x64\lombok\lombok-1.18.39-4050.jar path:c:\Users\tulsi\.vscode\extensions\redhat.java-1.52.0-win32-x64\jre\21.0.9-win32-x86_64\bin\instrument.dll, loaded, initialized, instrumentlib options:none

dbghelp: loaded successfully - version: 4.0.5 - missing functions: none
symbol engine: initialized successfully - sym options: 0x614 - pdb path: .;c:\Users\tulsi\.vscode\extensions\redhat.java-1.52.0-win32-x64\jre\21.0.9-win32-x86_64\bin;C:\WINDOWS\SYSTEM32;C:\WINDOWS\WinSxS\amd64_microsoft.windows.common-controls_6595b64144ccf1df_6.0.26100.7309_none_3e05feeae336a044;c:\Users\tulsi\.vscode\extensions\redhat.java-1.52.0-win32-x64\jre\21.0.9-win32-x86_64\bin\server;C:\Users\tulsi\AppData\Roaming\Code\User\globalStorage\redhat.java\1.52.0\config_win\org.eclipse.equinox.launcher\org.eclipse.equinox.launcher.win32.win32.x86_64_1.2.1500.v20260121-1430;C:\Users\tulsi\AppData\Local\Temp\jna-110721441

VM Arguments:
jvm_args: --add-modules=ALL-SYSTEM --add-opens=java.base/java.util=ALL-UNNAMED --add-opens=java.base/java.lang=ALL-UNNAMED --add-opens=java.base/sun.nio.fs=ALL-UNNAMED -Declipse.application=org.eclipse.jdt.ls.core.id1 -Dosgi.bundles.defaultStartLevel=4 -Declipse.product=org.eclipse.jdt.ls.core.product -Djava.import.generatesMetadataFilesAtProjectRoot=false -DDetectVMInstallationsJob.disabled=true -Dfile.encoding=utf8 -XX:+UseParallelGC -XX:GCTimeRatio=4 -XX:AdaptiveSizePolicyWeight=90 -Dsun.zip.disableMemoryMapping=true -Xmx2G -Xms100m -Xlog:disable -javaagent:c:\Users\tulsi\.vscode\extensions\redhat.java-1.52.0-win32-x64\lombok\lombok-1.18.39-4050.jar -XX:+HeapDumpOnOutOfMemoryError -XX:HeapDumpPath=c:\Users\tulsi\AppData\Roaming\Code\User\workspaceStorage\ed6cfc8fd899b34ad4f6a065b0073941\redhat.java -Daether.dependencyCollector.impl=bf 
java_command: c:\Users\tulsi\.vscode\extensions\redhat.java-1.52.0-win32-x64\server\plugins\org.eclipse.equinox.launcher_1.7.100.v20251111-0406.jar -configuration c:\Users\tulsi\AppData\Roaming\Code\User\globalStorage\redhat.java\1.52.0\config_win -data c:\Users\tulsi\AppData\Roaming\Code\User\workspaceStorage\ed6cfc8fd899b34ad4f6a065b0073941\redhat.java\jdt_ws --pipe=\\.\pipe\lsp-ab2f9e91874fbae526156f4cc5267f1f-sock
java_class_path (initial): c:\Users\tulsi\.vscode\extensions\redhat.java-1.52.0-win32-x64\server\plugins\org.eclipse.equinox.launcher_1.7.100.v20251111-0406.jar
Launcher Type: SUN_STANDARD

[Global flags]
    uintx AdaptiveSizePolicyWeight                 = 90                                        {product} {command line}
     intx CICompilerCount                          = 12                                        {product} {ergonomic}
    uintx GCTimeRatio                              = 4                                         {product} {command line}
     bool HeapDumpOnOutOfMemoryError               = true                                   {manageable} {command line}
    ccstr HeapDumpPath                             = c:\Users\tulsi\AppData\Roaming\Code\User\workspaceStorage\ed6cfc8fd899b34ad4f6a065b0073941\redhat.java         {manageable} {command line}
   size_t InitialHeapSize                          = 104857600                                 {product} {command line}
   size_t MaxHeapSize                              = 2147483648                                {product} {command line}
   size_t MaxNewSize                               = 715653120                                 {product} {ergonomic}
   size_t MinHeapDeltaBytes                        = 524288                                    {product} {ergonomic}
   size_t MinHeapSize                              = 104857600                                 {product} {command line}
   size_t NewSize                                  = 34603008                                  {product} {ergonomic}
    uintx NonNMethodCodeHeapSize                   = 7602480                                {pd product} {ergonomic}
    uintx NonProfiledCodeHeapSize                  = 122027880                              {pd product} {ergonomic}
   size_t OldSize                                  = 70254592                                  {product} {ergonomic}
    uintx ProfiledCodeHeapSize                     = 122027880                              {pd product} {ergonomic}
    uintx ReservedCodeCacheSize                    = 251658240                              {pd product} {ergonomic}
     bool SegmentedCodeCache                       = true                                      {product} {ergonomic}
   size_t SoftMaxHeapSize                          = 2147483648                             {manageable} {ergonomic}
     bool UseCompressedOops                        = true                           {product lp64_product} {ergonomic}
     bool UseLargePagesIndividualAllocation        = false                                  {pd product} {ergonomic}
     bool UseParallelGC                            = true                                      {product} {command line}

Logging:
Log output configuration:
 #0: stdout all=off uptime,level,tags foldmultilines=false
 #1: stderr all=off uptime,level,tags foldmultilines=false

Release file:
JAVA_VERSION="21.0.9" 
MODULES="java.base java.compiler java.datatransfer java.xml java.prefs java.desktop java.instrument java.logging java.management java.security.sasl java.naming java.rmi java.management.rmi java.net.http java.scripting java.security.jgss java.transaction.xa java.sql java.sql.rowset java.xml.crypto java.se java.smartcardio jdk.accessibility jdk.internal.jvmstat jdk.attach jdk.charsets jdk.internal.opt jdk.zipfs jdk.compiler jdk.crypto.ec jdk.crypto.cryptoki jdk.crypto.mscapi jdk.dynalink jdk.internal.ed jdk.editpad jdk.hotspot.agent jdk.httpserver jdk.internal.le jdk.internal.vm.ci jdk.internal.vm.compiler jdk.internal.vm.compiler.management jdk.jartool jdk.javadoc jdk.jcmd jdk.management jdk.management.agent jdk.jconsole jdk.jdeps jdk.jdwp.agent jdk.jdi jdk.jfr jdk.jshell jdk.jsobject jdk.jstatd jdk.localedata jdk.management.jfr jdk.naming.dns jdk.naming.rmi jdk.net jdk.nio.mapmode jdk.random jdk.sctp jdk.security.auth jdk.security.jgss jdk.unsupported jdk.unsupported.desktop jdk.xml.dom" 

Environment Variables:
JAVA_HOME= C:\Program Files\Java\jdk-17
PATH=%JAVA_HOME%\bin;C:\Program Files\Microsoft SQL Server\Client SDK\ODBC\170\Tools\Binn\;C:\Program Files\Microsoft SQL Server\160\DTS\Binn\;C:\Program Files\nodejs\;C:\Windows\System32\WindowsPowerShell\v1.0\;C:\Users\tulsi\AppData\Local\Programs\Python\Python311\Scripts\;C:\Users\tulsi\AppData\Local\Programs\Python\Python311\;C:\Users\tulsi\AppData\Local\Microsoft\WindowsApps;C:\Users\tulsi\AppData\Local\GitHubDesktop\bin;C:\hadoop\hadoop-3.2.4\sbin;C:\Users\tulsi\AppData\Local\Programs\mongosh\;C:\Users\tulsi\AppData\Local\Programs\Microsoft VS Code\bin;C:\ProgramData\tulsi\GitHubDesktop\bin;C:\Users\tulsi\AppData\Roaming\npm
USERNAME=tulsi
OS=Windows_NT
PROCESSOR_IDENTIFIER=Intel64 Family 6 Model 186 Stepping 2, GenuineIntel
TMP=C:\Users\tulsi\AppData\Local\Temp
TEMP=C:\Users\tulsi\AppData\Local\Temp




Periodic native trim disabled

---------------  S Y S T E M  ---------------

OS:
 Windows 11 , 64 bit Build 26100 (10.0.26100.7623)
OS uptime: 1 days 20:18 hours
Hyper-V role detected

CPU: total 16 (initial active 16) (8 cores per cpu, 2 threads per core) family 6 model 186 stepping 2 microcode 0x4121, cx8, cmov, fxsr, ht, mmx, 3dnowpref, sse, sse2, sse3, ssse3, sse4.1, sse4.2, popcnt, lzcnt, tsc, tscinvbit, avx, avx2, aes, erms, clmul, bmi1, bmi2, adx, sha, fma, vzeroupper, clflush, clflushopt, clwb, hv, serialize, rdtscp, rdpid, fsrm, f16c, cet_ibt, cet_ss
Processor Information for processor 0
  Max Mhz: 2200, Current Mhz: 2200, Mhz Limit: 2200
Processor Information for processor 1
  Max Mhz: 2200, Current Mhz: 2200, Mhz Limit: 2200
Processor Information for processor 2
  Max Mhz: 2200, Current Mhz: 2200, Mhz Limit: 2200
Processor Information for processor 3
  Max Mhz: 2200, Current Mhz: 2200, Mhz Limit: 2200
Processor Information for processor 4
  Max Mhz: 2200, Current Mhz: 2200, Mhz Limit: 2200
Processor Information for processor 5
  Max Mhz: 2200, Current Mhz: 2200, Mhz Limit: 2200
Processor Information for processor 6
  Max Mhz: 2200, Current Mhz: 2200, Mhz Limit: 2200
Processor Information for processor 7
  Max Mhz: 2200, Current Mhz: 2200, Mhz Limit: 2200
Processor Information for processor 8
  Max Mhz: 2200, Current Mhz: 1600, Mhz Limit: 1584
Processor Information for processor 9
  Max Mhz: 2200, Current Mhz: 1600, Mhz Limit: 1584
Processor Information for processor 10
  Max Mhz: 2200, Current Mhz: 1600, Mhz Limit: 1584
Processor Information for processor 11
  Max Mhz: 2200, Current Mhz: 1600, Mhz Limit: 1584
Processor Information for processor 12
  Max Mhz: 2200, Current Mhz: 1600, Mhz Limit: 1584
Processor Information for processor 13
  Max Mhz: 2200, Current Mhz: 1600, Mhz Limit: 1584
Processor Information for processor 14
  Max Mhz: 2200, Current Mhz: 1600, Mhz Limit: 1584
Processor Information for processor 15
  Max Mhz: 2200, Current Mhz: 1600, Mhz Limit: 1584

Memory: 4k page, system-wide physical 16027M (2995M free)
TotalPageFile size 16777M (AvailPageFile size 14M)
current process WorkingSet (physical memory assigned to process): 554M, peak: 556M
current process commit charge ("private bytes"): 583M, peak: 586M

vm_info: OpenJDK 64-Bit Server VM (21.0.9+10-LTS) for windows-amd64 JRE (21.0.9+10-LTS), built on 2025-10-21T00:00:00Z by "admin" with unknown MS VC++:1942

END.
