#
# There is insufficient memory for the Java Runtime Environment to continue.
# Native memory allocation (malloc) failed to allocate 1216496 bytes. Error detail: Chunk::new
# Possible reasons:
#   The system is out of physical RAM or swap space
#   This process is running with CompressedOops enabled, and the Java Heap may be blocking the growth of the native heap
# Possible solutions:
#   Reduce memory load on the system
#   Increase physical memory or swap space
#   Check if swap backing store is full
#   Decrease Java heap size (-Xmx/-Xms)
#   Decrease number of Java threads
#   Decrease Java thread stack sizes (-Xss)
#   Set larger code cache with -XX:ReservedCodeCacheSize=
#   JVM is running with Unscaled Compressed Oops mode in which the Java heap is
#     placed in the first 4GB address space. The Java Heap base address is the
#     maximum limit for the native heap growth. Please use -XX:HeapBaseMinAddress
#     to set the Java Heap base and to place the Java Heap above 4GB virtual address.
# This output file may be truncated or incomplete.
#
#  Out of Memory Error (arena.cpp:168), pid=14820, tid=1480
#
# JRE version: OpenJDK Runtime Environment Temurin-21.0.9+10 (21.0.9+10) (build 21.0.9+10-LTS)
# Java VM: OpenJDK 64-Bit Server VM Temurin-21.0.9+10 (21.0.9+10-LTS, mixed mode, sharing, tiered, compressed oops, compressed class ptrs, parallel gc, windows-amd64)
# No core dump will be written. Minidumps are not enabled by default on client versions of Windows
#

---------------  S U M M A R Y ------------

Command Line: --add-modules=ALL-SYSTEM --add-opens=java.base/java.util=ALL-UNNAMED --add-opens=java.base/java.lang=ALL-UNNAMED --add-opens=java.base/sun.nio.fs=ALL-UNNAMED -Declipse.application=org.eclipse.jdt.ls.core.id1 -Dosgi.bundles.defaultStartLevel=4 -Declipse.product=org.eclipse.jdt.ls.core.product -Djava.import.generatesMetadataFilesAtProjectRoot=false -DDetectVMInstallationsJob.disabled=true -Dfile.encoding=utf8 -XX:+UseParallelGC -XX:GCTimeRatio=4 -XX:AdaptiveSizePolicyWeight=90 -Dsun.zip.disableMemoryMapping=true -Xmx2G -Xms100m -Xlog:disable -javaagent:c:\Users\tulsi\.vscode\extensions\redhat.java-1.52.0-win32-x64\lombok\lombok-1.18.39-4050.jar -XX:+HeapDumpOnOutOfMemoryError -XX:HeapDumpPath=c:\Users\tulsi\AppData\Roaming\Code\User\workspaceStorage\ed6cfc8fd899b34ad4f6a065b0073941\redhat.java -Daether.dependencyCollector.impl=bf c:\Users\tulsi\.vscode\extensions\redhat.java-1.52.0-win32-x64\server\plugins\org.eclipse.equinox.launcher_1.7.100.v20251111-0406.jar -configuration c:\Users\tulsi\AppData\Roaming\Code\User\globalStorage\redhat.java\1.52.0\config_win -data c:\Users\tulsi\AppData\Roaming\Code\User\workspaceStorage\ed6cfc8fd899b34ad4f6a065b0073941\redhat.java\jdt_ws --pipe=\\.\pipe\lsp-9041f4d19bd9a9feeeb005f443e44785-sock

Host: 13th Gen Intel(R) Core(TM) i7-1360P, 16 cores, 15G,  Windows 11 , 64 bit Build 26100 (10.0.26100.7623)
Time: Mon Feb  9 10:21:15 2026 India Standard Time elapsed time: 121.366668 seconds (0d 0h 2m 1s)

---------------  T H R E A D  ---------------

Current thread (0x0000019680e865d0):  JavaThread "C2 CompilerThread1" daemon [_thread_in_native, id=1480, stack(0x0000004e27200000,0x0000004e27300000) (1024K)]


Current CompileTask:
C2:121366 11871   !   4       java.nio.file.FileTreeWalker::next (144 bytes)

Stack: [0x0000004e27200000,0x0000004e27300000]
Native frames: (J=compiled Java code, j=interpreted, Vv=VM code, C=native code)
V  [jvm.dll+0x6d6e29]
V  [jvm.dll+0x8b4b76]
V  [jvm.dll+0x8b712e]
V  [jvm.dll+0x8b7813]
V  [jvm.dll+0x283d86]
V  [jvm.dll+0xc66ed]
V  [jvm.dll+0xc6c31]
V  [jvm.dll+0x3be501]
V  [jvm.dll+0x38ab92]
V  [jvm.dll+0x389fda]
V  [jvm.dll+0x24bfa0]
V  [jvm.dll+0x24b580]
V  [jvm.dll+0x1cb13e]
V  [jvm.dll+0x25b29d]
V  [jvm.dll+0x25982a]
V  [jvm.dll+0x3f7ea6]
V  [jvm.dll+0x85e9ad]
V  [jvm.dll+0x6d565d]
C  [ucrtbase.dll+0x37b0]
C  [KERNEL32.DLL+0x2e8d7]
C  [ntdll.dll+0x8c53c]


---------------  P R O C E S S  ---------------

Threads class SMR info:
_java_thread_list=0x000001968377f310, length=51, elements={
0x000001969eed3990, 0x000001969ee7d830, 0x000001969ee7e740, 0x00000196f7e5ada0,
0x00000196f7e5b9f0, 0x00000196f7e5e450, 0x00000196f7e71370, 0x00000196f7e921b0,
0x00000196f7e9aeb0, 0x00000196f80bee00, 0x00000196f9525d20, 0x00000196fe3be430,
0x00000196fe28c0b0, 0x00000196fe1b5930, 0x00000196f9597ea0, 0x00000196f817dc70,
0x00000196f9b089b0, 0x00000196fe69c6b0, 0x00000196fe69d3d0, 0x00000196fe69da60,
0x00000196fe69e0f0, 0x00000196fe69b990, 0x00000196fe69c020, 0x00000196fe69cd40,
0x000001968279b5c0, 0x000001968279bc50, 0x00000196827987d0, 0x0000019682798e60,
0x000001968279a8a0, 0x000001968279c970, 0x00000196827994f0, 0x000001968279a210,
0x0000019682799b80, 0x000001968279e3b0, 0x000001968279f0d0, 0x000001968279d000,
0x000001968279f760, 0x000001968279ea40, 0x000001968279d690, 0x000001968279c2e0,
0x000001968279fdf0, 0x000001968279dd20, 0x00000196ff43c9d0, 0x00000196ff43af90,
0x0000019680e865d0, 0x00000196f9c692d0, 0x00000196ff7c41e0, 0x00000196f9c68530,
0x00000196f9c6a070, 0x00000196f9c67790, 0x00000196ff7c4870
}

Java Threads: ( => current thread )
  0x000001969eed3990 JavaThread "main"                              [_thread_blocked, id=26148, stack(0x0000004e25200000,0x0000004e25300000) (1024K)]
  0x000001969ee7d830 JavaThread "Reference Handler"          daemon [_thread_blocked, id=26784, stack(0x0000004e25600000,0x0000004e25700000) (1024K)]
  0x000001969ee7e740 JavaThread "Finalizer"                  daemon [_thread_blocked, id=21980, stack(0x0000004e25700000,0x0000004e25800000) (1024K)]
  0x00000196f7e5ada0 JavaThread "Signal Dispatcher"          daemon [_thread_blocked, id=27476, stack(0x0000004e25800000,0x0000004e25900000) (1024K)]
  0x00000196f7e5b9f0 JavaThread "Attach Listener"            daemon [_thread_blocked, id=7400, stack(0x0000004e25900000,0x0000004e25a00000) (1024K)]
  0x00000196f7e5e450 JavaThread "Service Thread"             daemon [_thread_blocked, id=4884, stack(0x0000004e25a00000,0x0000004e25b00000) (1024K)]
  0x00000196f7e71370 JavaThread "Monitor Deflation Thread"   daemon [_thread_blocked, id=18904, stack(0x0000004e25b00000,0x0000004e25c00000) (1024K)]
  0x00000196f7e921b0 JavaThread "C2 CompilerThread0"         daemon [_thread_in_native, id=3452, stack(0x0000004e25c00000,0x0000004e25d00000) (1024K)]
  0x00000196f7e9aeb0 JavaThread "C1 CompilerThread0"         daemon [_thread_blocked, id=11356, stack(0x0000004e25d00000,0x0000004e25e00000) (1024K)]
  0x00000196f80bee00 JavaThread "Common-Cleaner"             daemon [_thread_blocked, id=22084, stack(0x0000004e26100000,0x0000004e26200000) (1024K)]
  0x00000196f9525d20 JavaThread "Notification Thread"        daemon [_thread_blocked, id=808, stack(0x0000004e26000000,0x0000004e26100000) (1024K)]
  0x00000196fe3be430 JavaThread "Active Thread: Equinox Container: 422377ac-9cea-4d09-89ff-dda89eff3ca6"        [_thread_blocked, id=5676, stack(0x0000004e26d00000,0x0000004e26e00000) (1024K)]
  0x00000196fe28c0b0 JavaThread "Refresh Thread: Equinox Container: 422377ac-9cea-4d09-89ff-dda89eff3ca6" daemon [_thread_blocked, id=23704, stack(0x0000004e25f00000,0x0000004e26000000) (1024K)]
  0x00000196fe1b5930 JavaThread "Framework Event Dispatcher: Equinox Container: 422377ac-9cea-4d09-89ff-dda89eff3ca6" daemon [_thread_blocked, id=20836, stack(0x0000004e26200000,0x0000004e26300000) (1024K)]
  0x00000196f9597ea0 JavaThread "Start Level: Equinox Container: 422377ac-9cea-4d09-89ff-dda89eff3ca6" daemon [_thread_blocked, id=23228, stack(0x0000004e26300000,0x0000004e26400000) (1024K)]
  0x00000196f817dc70 JavaThread "Bundle File Closer"         daemon [_thread_blocked, id=16032, stack(0x0000004e26f00000,0x0000004e27000000) (1024K)]
  0x00000196f9b089b0 JavaThread "SCR Component Actor"        daemon [_thread_blocked, id=23968, stack(0x0000004e27000000,0x0000004e27100000) (1024K)]
  0x00000196fe69c6b0 JavaThread "Worker-JM"                         [_thread_blocked, id=14680, stack(0x0000004e27800000,0x0000004e27900000) (1024K)]
  0x00000196fe69d3d0 JavaThread "Worker-0"                          [_thread_blocked, id=13172, stack(0x0000004e27400000,0x0000004e27500000) (1024K)]
  0x00000196fe69da60 JavaThread "Java indexing"              daemon [_thread_blocked, id=22608, stack(0x0000004e27a00000,0x0000004e27b00000) (1024K)]
  0x00000196fe69e0f0 JavaThread "Worker-2"                          [_thread_blocked, id=16624, stack(0x0000004e27b00000,0x0000004e27c00000) (1024K)]
  0x00000196fe69b990 JavaThread "Worker-3: Initialize workspace"        [_thread_blocked, id=26344, stack(0x0000004e27c00000,0x0000004e27d00000) (1024K)]
  0x00000196fe69c020 JavaThread "JNA Cleaner"                daemon [_thread_blocked, id=11652, stack(0x0000004e27d00000,0x0000004e27e00000) (1024K)]
  0x00000196fe69cd40 JavaThread "Worker-4: Initialize Workspace"        [_thread_blocked, id=13896, stack(0x0000004e28000000,0x0000004e28100000) (1024K)]
  0x000001968279b5c0 JavaThread "Thread-1"                   daemon [_thread_in_native, id=22676, stack(0x0000004e28200000,0x0000004e28300000) (1024K)]
  0x000001968279bc50 JavaThread "Thread-2"                   daemon [_thread_in_native, id=28264, stack(0x0000004e28300000,0x0000004e28400000) (1024K)]
  0x00000196827987d0 JavaThread "Thread-3"                   daemon [_thread_in_native, id=13904, stack(0x0000004e28400000,0x0000004e28500000) (1024K)]
  0x0000019682798e60 JavaThread "Thread-4"                   daemon [_thread_in_native, id=13344, stack(0x0000004e28500000,0x0000004e28600000) (1024K)]
  0x000001968279a8a0 JavaThread "Thread-5"                   daemon [_thread_in_native, id=10592, stack(0x0000004e28600000,0x0000004e28700000) (1024K)]
  0x000001968279c970 JavaThread "Thread-6"                   daemon [_thread_in_native, id=6832, stack(0x0000004e28700000,0x0000004e28800000) (1024K)]
  0x00000196827994f0 JavaThread "Thread-7"                   daemon [_thread_in_native, id=9556, stack(0x0000004e28800000,0x0000004e28900000) (1024K)]
  0x000001968279a210 JavaThread "Thread-8"                   daemon [_thread_in_native, id=23828, stack(0x0000004e28900000,0x0000004e28a00000) (1024K)]
  0x0000019682799b80 JavaThread "Thread-9"                   daemon [_thread_in_native, id=23904, stack(0x0000004e28a00000,0x0000004e28b00000) (1024K)]
  0x000001968279e3b0 JavaThread "Thread-10"                  daemon [_thread_in_native, id=10788, stack(0x0000004e28b00000,0x0000004e28c00000) (1024K)]
  0x000001968279f0d0 JavaThread "Thread-11"                  daemon [_thread_in_native, id=12952, stack(0x0000004e28c00000,0x0000004e28d00000) (1024K)]
  0x000001968279d000 JavaThread "Thread-12"                  daemon [_thread_in_native, id=27260, stack(0x0000004e28d00000,0x0000004e28e00000) (1024K)]
  0x000001968279f760 JavaThread "Thread-13"                  daemon [_thread_in_native, id=24636, stack(0x0000004e28e00000,0x0000004e28f00000) (1024K)]
  0x000001968279ea40 JavaThread "Thread-14"                  daemon [_thread_in_native, id=17312, stack(0x0000004e28f00000,0x0000004e29000000) (1024K)]
  0x000001968279d690 JavaThread "Thread-15"                  daemon [_thread_in_native, id=27764, stack(0x0000004e29000000,0x0000004e29100000) (1024K)]
  0x000001968279c2e0 JavaThread "Thread-16"                  daemon [_thread_in_native, id=10252, stack(0x0000004e29100000,0x0000004e29200000) (1024K)]
  0x000001968279fdf0 JavaThread "Thread-17"                  daemon [_thread_in_native, id=28660, stack(0x0000004e29200000,0x0000004e29300000) (1024K)]
  0x000001968279dd20 JavaThread "pool-2-thread-1"                   [_thread_blocked, id=25952, stack(0x0000004e29300000,0x0000004e29400000) (1024K)]
  0x00000196ff43c9d0 JavaThread "WorkspaceEventsHandler"            [_thread_blocked, id=5132, stack(0x0000004e29900000,0x0000004e29a00000) (1024K)]
  0x00000196ff43af90 JavaThread "pool-1-thread-1"                   [_thread_in_native, id=9732, stack(0x0000004e29a00000,0x0000004e29b00000) (1024K)]
=>0x0000019680e865d0 JavaThread "C2 CompilerThread1"         daemon [_thread_in_native, id=1480, stack(0x0000004e27200000,0x0000004e27300000) (1024K)]
  0x00000196f9c692d0 JavaThread "C1 CompilerThread1"         daemon [_thread_blocked, id=21540, stack(0x0000004e25000000,0x0000004e25100000) (1024K)]
  0x00000196ff7c41e0 JavaThread "Worker-6"                          [_thread_blocked, id=18836, stack(0x0000004e25100000,0x0000004e25200000) (1024K)]
  0x00000196f9c68530 JavaThread "C2 CompilerThread2"         daemon [_thread_in_native, id=14320, stack(0x0000004e27100000,0x0000004e27200000) (1024K)]
  0x00000196f9c6a070 JavaThread "C2 CompilerThread3"         daemon [_thread_in_native, id=14528, stack(0x0000004e27300000,0x0000004e27400000) (1024K)]
  0x00000196f9c67790 JavaThread "C2 CompilerThread4"         daemon [_thread_in_native, id=8628, stack(0x0000004e27500000,0x0000004e27600000) (1024K)]
  0x00000196ff7c4870 JavaThread "Worker-7"                          [_thread_blocked, id=24656, stack(0x0000004e27600000,0x0000004e27700000) (1024K)]
Total: 51

Other Threads:
  0x000001969ee649d0 VMThread "VM Thread"                           [id=22880, stack(0x0000004e25500000,0x0000004e25600000) (1024K)]
  0x000001969ed5ca00 WatcherThread "VM Periodic Task Thread"        [id=23576, stack(0x0000004e25400000,0x0000004e25500000) (1024K)]
  0x000001969eef18f0 WorkerThread "GC Thread#0"                     [id=18744, stack(0x0000004e25300000,0x0000004e25400000) (1024K)]
  0x00000196f9d018d0 WorkerThread "GC Thread#1"                     [id=5220, stack(0x0000004e26400000,0x0000004e26500000) (1024K)]
  0x00000196f9cae690 WorkerThread "GC Thread#2"                     [id=20208, stack(0x0000004e26500000,0x0000004e26600000) (1024K)]
  0x00000196f9cfc400 WorkerThread "GC Thread#3"                     [id=15288, stack(0x0000004e26600000,0x0000004e26700000) (1024K)]
  0x00000196f9cfc7a0 WorkerThread "GC Thread#4"                     [id=13832, stack(0x0000004e26700000,0x0000004e26800000) (1024K)]
  0x00000196f9cfcb40 WorkerThread "GC Thread#5"                     [id=28644, stack(0x0000004e26800000,0x0000004e26900000) (1024K)]
  0x00000196f99b3e50 WorkerThread "GC Thread#6"                     [id=22648, stack(0x0000004e26900000,0x0000004e26a00000) (1024K)]
  0x00000196fe1805e0 WorkerThread "GC Thread#7"                     [id=9436, stack(0x0000004e26b00000,0x0000004e26c00000) (1024K)]
  0x00000196f959f960 WorkerThread "GC Thread#8"                     [id=12824, stack(0x0000004e26a00000,0x0000004e26b00000) (1024K)]
  0x00000196f95a0440 WorkerThread "GC Thread#9"                     [id=21664, stack(0x0000004e26c00000,0x0000004e26d00000) (1024K)]
  0x00000196f95a0b80 WorkerThread "GC Thread#10"                    [id=25924, stack(0x0000004e26e00000,0x0000004e26f00000) (1024K)]
  0x00000196f95a07e0 WorkerThread "GC Thread#11"                    [id=12368, stack(0x0000004e24f00000,0x0000004e25000000) (1024K)]
  0x00000196f959f220 WorkerThread "GC Thread#12"                    [id=19900, stack(0x0000004e25e00000,0x0000004e25f00000) (1024K)]
Total: 15

Threads with active compile tasks:
C2 CompilerThread0  121396 12087   !   4       java.io.ObjectOutputStream::writeObject0 (620 bytes)
C2 CompilerThread1  121396 11871   !   4       java.nio.file.FileTreeWalker::next (144 bytes)
C2 CompilerThread2  121396 12176       4       jdk.internal.jimage.BasicImageReader::verifyLocation (39 bytes)
C2 CompilerThread3  121397 12175       4       jdk.internal.module.SystemModuleFinders$SystemModuleReader::containsImageLocation (42 bytes)
C2 CompilerThread4  121397 12174       4       jdk.internal.module.SystemModuleFinders$SystemModuleReader::find (59 bytes)
Total: 5

VM state: not at safepoint (normal execution)

VM Mutex/Monitor currently owned by a thread: None

Heap address: 0x0000000080000000, size: 2048 MB, Compressed Oops mode: 32-bit

CDS archive(s) mapped at: [0x00000196b6000000-0x00000196b6ba0000-0x00000196b6ba0000), size 12189696, SharedBaseAddress: 0x00000196b6000000, ArchiveRelocationMode: 1.
Compressed class space mapped at: 0x00000196b7000000-0x00000196f7000000, reserved size: 1073741824
Narrow klass base: 0x00000196b6000000, Narrow klass shift: 0, Narrow klass range: 0x100000000

GC Precious Log:
 CardTable entry size: 512
 CPUs: 16 total, 16 available
 Memory: 16027M
 Large Page Support: Disabled
 NUMA Support: Disabled
 Compressed Oops: Enabled (32-bit)
 Alignments: Space 512K, Generation 512K, Heap 2M
 Heap Min Capacity: 100M
 Heap Initial Capacity: 100M
 Heap Max Capacity: 2G
 Pre-touch: Disabled
 Parallel Workers: 13

Heap:
 PSYoungGen      total 20992K, used 4490K [0x00000000d5580000, 0x00000000d6c00000, 0x0000000100000000)
  eden space 18944K, 13% used [0x00000000d5580000,0x00000000d57f5408,0x00000000d6800000)
  from space 2048K, 96% used [0x00000000d6800000,0x00000000d69ed558,0x00000000d6a00000)
  to   space 2048K, 0% used [0x00000000d6a00000,0x00000000d6a00000,0x00000000d6c00000)
 ParOldGen       total 68608K, used 48200K [0x0000000080000000, 0x0000000084300000, 0x00000000d5580000)
  object space 68608K, 70% used [0x0000000080000000,0x0000000082f12238,0x0000000084300000)
 Metaspace       used 63168K, committed 64640K, reserved 1114112K
  class space    used 6855K, committed 7488K, reserved 1048576K

Card table byte_map: [0x000001969e870000,0x000001969ec80000] _byte_map_base: 0x000001969e470000

Marking Bits: (ParMarkBitMap*) 0x00007ffde2862460
 Begin Bits: [0x00000196b1380000, 0x00000196b3380000)
 End Bits:   [0x00000196b3380000, 0x00000196b5380000)

Polling page: 0x000001969cc80000

Metaspace:

Usage:
  Non-class:     54.99 MB used.
      Class:      6.70 MB used.
       Both:     61.69 MB used.

Virtual space:
  Non-class space:       64.00 MB reserved,      55.81 MB ( 87%) committed,  1 nodes.
      Class space:        1.00 GB reserved,       7.31 MB ( <1%) committed,  1 nodes.
             Both:        1.06 GB reserved,      63.12 MB (  6%) committed. 

Chunk freelists:
   Non-Class:  8.11 MB
       Class:  8.73 MB
        Both:  16.84 MB

MaxMetaspaceSize: unlimited
CompressedClassSpaceSize: 1.00 GB
Initial GC threshold: 21.00 MB
Current GC threshold: 97.31 MB
CDS: on
 - commit_granule_bytes: 65536.
 - commit_granule_words: 8192.
 - virtual_space_node_default_size: 8388608.
 - enlarge_chunks_in_place: 1.
 - use_allocation_guard: 0.


Internal statistics:

num_allocs_failed_limit: 9.
num_arena_births: 1110.
num_arena_deaths: 32.
num_vsnodes_births: 2.
num_vsnodes_deaths: 0.
num_space_committed: 1010.
num_space_uncommitted: 0.
num_chunks_returned_to_freelist: 47.
num_chunks_taken_from_freelist: 3847.
num_chunk_merges: 17.
num_chunk_splits: 2331.
num_chunks_enlarged: 1323.
num_inconsistent_stats: 0.

CodeHeap 'non-profiled nmethods': size=119168Kb used=7145Kb max_used=7145Kb free=112023Kb
 bounds [0x00000196a9c70000, 0x00000196aa370000, 0x00000196b10d0000]
CodeHeap 'profiled nmethods': size=119104Kb used=24688Kb max_used=24688Kb free=94415Kb
 bounds [0x00000196a20d0000, 0x00000196a38f0000, 0x00000196a9520000]
CodeHeap 'non-nmethods': size=7488Kb used=1998Kb max_used=3172Kb free=5489Kb
 bounds [0x00000196a9520000, 0x00000196a9890000, 0x00000196a9c70000]
CodeCache: size=245760Kb, used=33831Kb, max_used=35005Kb, free=211927Kb
 total_blobs=12091, nmethods=11348, adapters=648, full_count=0
Compilation: enabled, stopped_count=0, restarted_count=0

Compilation events (20 events):
Event: 121.361 Thread 0x00000196f9c692d0 12152       1       org.eclipse.core.internal.localstore.UnifiedTreeNode::getFirstChild (5 bytes)
Event: 121.361 Thread 0x00000196f9c692d0 nmethod 12152 0x00000196aa363a10 code [0x00000196aa363ba0, 0x00000196aa363c68]
Event: 121.361 Thread 0x00000196f7e9aeb0 nmethod 12151 0x00000196a38d6e90 code [0x00000196a38d7120, 0x00000196a38d7cc8]
Event: 121.362 Thread 0x00000196f7e9aeb0 12153       3       org.eclipse.core.internal.jobs.DeadlockDetector::lockAcquired (99 bytes)
Event: 121.362 Thread 0x00000196f9c692d0 12154       3       org.eclipse.core.internal.jobs.DeadlockDetector::computeConflicting (124 bytes)
Event: 121.362 Thread 0x00000196f7e9aeb0 nmethod 12153 0x00000196a38d8110 code [0x00000196a38d8380, 0x00000196a38d8c60]
Event: 121.362 Thread 0x00000196f7e9aeb0 12155       3       java.nio.file.Paths::get (5 bytes)
Event: 121.362 Thread 0x00000196f7e9aeb0 nmethod 12155 0x00000196a38d9090 code [0x00000196a38d9240, 0x00000196a38d9358]
Event: 121.363 Thread 0x00000196f9c692d0 nmethod 12154 0x00000196a38d9410 code [0x00000196a38d9700, 0x00000196a38dab90]
Event: 121.363 Thread 0x00000196f7e9aeb0 12159       3       org.eclipse.jdt.ls.core.internal.filesystem.JLSFileSystem::getStore (76 bytes)
Event: 121.363 Thread 0x00000196f9c692d0 12156       3       java.nio.file.Path::of (119 bytes)
Event: 121.363 Thread 0x00000196f9c6a070 12160       4       java.util.regex.Pattern$Node::<init> (12 bytes)
Event: 121.364 Thread 0x00000196f9c6a070 nmethod 12160 0x00000196aa363d10 code [0x00000196aa363ea0, 0x00000196aa363f48]
Event: 121.364 Thread 0x00000196f9c692d0 nmethod 12156 0x00000196a38db290 code [0x00000196a38db600, 0x00000196a38dc7e8]
Event: 121.364 Thread 0x00000196f9c692d0 12157       3       sun.nio.fs.WindowsFileSystemProvider::getPath (9 bytes)
Event: 121.364 Thread 0x00000196f7e9aeb0 nmethod 12159 0x00000196a38dce10 code [0x00000196a38dd1e0, 0x00000196a38de7e0]
Event: 121.364 Thread 0x00000196f7e9aeb0 12158       3       sun.nio.fs.WindowsUriSupport::fromUri (312 bytes)
Event: 121.364 Thread 0x00000196f9c692d0 nmethod 12157 0x00000196a38df090 code [0x00000196a38df240, 0x00000196a38df378]
Event: 121.364 Thread 0x00000196f9c692d0 12161       1       org.eclipse.jdt.internal.core.JavaModelManager::getJavaModel (5 bytes)
Event: 121.364 Thread 0x00000196f9c692d0 nmethod 12161 0x00000196aa364010 code [0x00000196aa3641a0, 0x00000196aa364268]

GC Heap History (20 events):
Event: 115.630 GC heap before
{Heap before GC invocations=113 (full 3):
 PSYoungGen      total 19456K, used 18944K [0x00000000d5580000, 0x00000000d6a00000, 0x0000000100000000)
  eden space 18944K, 100% used [0x00000000d5580000,0x00000000d6800000,0x00000000d6800000)
  from space 512K, 0% used [0x00000000d6880000,0x00000000d6880000,0x00000000d6900000)
  to   space 1024K, 0% used [0x00000000d6900000,0x00000000d6900000,0x00000000d6a00000)
 ParOldGen       total 68608K, used 33682K [0x0000000080000000, 0x0000000084300000, 0x00000000d5580000)
  object space 68608K, 49% used [0x0000000080000000,0x00000000820e4aa8,0x0000000084300000)
 Metaspace       used 59027K, committed 60352K, reserved 1114112K
  class space    used 6393K, committed 6976K, reserved 1048576K
}
Event: 115.633 GC heap after
{Heap after GC invocations=113 (full 3):
 PSYoungGen      total 19968K, used 832K [0x00000000d5580000, 0x00000000d6a00000, 0x0000000100000000)
  eden space 18944K, 0% used [0x00000000d5580000,0x00000000d5580000,0x00000000d6800000)
  from space 1024K, 81% used [0x00000000d6900000,0x00000000d69d0000,0x00000000d6a00000)
  to   space 1024K, 0% used [0x00000000d6800000,0x00000000d6800000,0x00000000d6900000)
 ParOldGen       total 68608K, used 33690K [0x0000000080000000, 0x0000000084300000, 0x00000000d5580000)
  object space 68608K, 49% used [0x0000000080000000,0x00000000820e6aa8,0x0000000084300000)
 Metaspace       used 59027K, committed 60352K, reserved 1114112K
  class space    used 6393K, committed 6976K, reserved 1048576K
}
Event: 117.688 GC heap before
{Heap before GC invocations=114 (full 3):
 PSYoungGen      total 19968K, used 19776K [0x00000000d5580000, 0x00000000d6a00000, 0x0000000100000000)
  eden space 18944K, 100% used [0x00000000d5580000,0x00000000d6800000,0x00000000d6800000)
  from space 1024K, 81% used [0x00000000d6900000,0x00000000d69d0000,0x00000000d6a00000)
  to   space 1024K, 0% used [0x00000000d6800000,0x00000000d6800000,0x00000000d6900000)
 ParOldGen       total 68608K, used 33690K [0x0000000080000000, 0x0000000084300000, 0x00000000d5580000)
  object space 68608K, 49% used [0x0000000080000000,0x00000000820e6aa8,0x0000000084300000)
 Metaspace       used 60020K, committed 61440K, reserved 1114112K
  class space    used 6472K, committed 7104K, reserved 1048576K
}
Event: 117.692 GC heap after
{Heap after GC invocations=114 (full 3):
 PSYoungGen      total 19968K, used 992K [0x00000000d5580000, 0x00000000d6d00000, 0x0000000100000000)
  eden space 18944K, 0% used [0x00000000d5580000,0x00000000d5580000,0x00000000d6800000)
  from space 1024K, 96% used [0x00000000d6800000,0x00000000d68f8030,0x00000000d6900000)
  to   space 2560K, 0% used [0x00000000d6a80000,0x00000000d6a80000,0x00000000d6d00000)
 ParOldGen       total 68608K, used 34992K [0x0000000080000000, 0x0000000084300000, 0x00000000d5580000)
  object space 68608K, 51% used [0x0000000080000000,0x000000008222c1f0,0x0000000084300000)
 Metaspace       used 60020K, committed 61440K, reserved 1114112K
  class space    used 6472K, committed 7104K, reserved 1048576K
}
Event: 117.938 GC heap before
{Heap before GC invocations=115 (full 3):
 PSYoungGen      total 19968K, used 19936K [0x00000000d5580000, 0x00000000d6d00000, 0x0000000100000000)
  eden space 18944K, 100% used [0x00000000d5580000,0x00000000d6800000,0x00000000d6800000)
  from space 1024K, 96% used [0x00000000d6800000,0x00000000d68f8030,0x00000000d6900000)
  to   space 2560K, 0% used [0x00000000d6a80000,0x00000000d6a80000,0x00000000d6d00000)
 ParOldGen       total 68608K, used 34992K [0x0000000080000000, 0x0000000084300000, 0x00000000d5580000)
  object space 68608K, 51% used [0x0000000080000000,0x000000008222c1f0,0x0000000084300000)
 Metaspace       used 60363K, committed 61696K, reserved 1114112K
  class space    used 6527K, committed 7104K, reserved 1048576K
}
Event: 117.942 GC heap after
{Heap after GC invocations=115 (full 3):
 PSYoungGen      total 21504K, used 2321K [0x00000000d5580000, 0x00000000d6d00000, 0x0000000100000000)
  eden space 18944K, 0% used [0x00000000d5580000,0x00000000d5580000,0x00000000d6800000)
  from space 2560K, 90% used [0x00000000d6a80000,0x00000000d6cc4420,0x00000000d6d00000)
  to   space 2560K, 0% used [0x00000000d6800000,0x00000000d6800000,0x00000000d6a80000)
 ParOldGen       total 68608K, used 35985K [0x0000000080000000, 0x0000000084300000, 0x00000000d5580000)
  object space 68608K, 52% used [0x0000000080000000,0x00000000823247f8,0x0000000084300000)
 Metaspace       used 60363K, committed 61696K, reserved 1114112K
  class space    used 6527K, committed 7104K, reserved 1048576K
}
Event: 117.989 GC heap before
{Heap before GC invocations=116 (full 3):
 PSYoungGen      total 21504K, used 21265K [0x00000000d5580000, 0x00000000d6d00000, 0x0000000100000000)
  eden space 18944K, 100% used [0x00000000d5580000,0x00000000d6800000,0x00000000d6800000)
  from space 2560K, 90% used [0x00000000d6a80000,0x00000000d6cc4420,0x00000000d6d00000)
  to   space 2560K, 0% used [0x00000000d6800000,0x00000000d6800000,0x00000000d6a80000)
 ParOldGen       total 68608K, used 35985K [0x0000000080000000, 0x0000000084300000, 0x00000000d5580000)
  object space 68608K, 52% used [0x0000000080000000,0x00000000823247f8,0x0000000084300000)
 Metaspace       used 60395K, committed 61760K, reserved 1114112K
  class space    used 6527K, committed 7104K, reserved 1048576K
}
Event: 117.993 GC heap after
{Heap after GC invocations=116 (full 3):
 PSYoungGen      total 21504K, used 2208K [0x00000000d5580000, 0x00000000d6d00000, 0x0000000100000000)
  eden space 18944K, 0% used [0x00000000d5580000,0x00000000d5580000,0x00000000d6800000)
  from space 2560K, 86% used [0x00000000d6800000,0x00000000d6a28010,0x00000000d6a80000)
  to   space 2560K, 0% used [0x00000000d6a80000,0x00000000d6a80000,0x00000000d6d00000)
 ParOldGen       total 68608K, used 38110K [0x0000000080000000, 0x0000000084300000, 0x00000000d5580000)
  object space 68608K, 55% used [0x0000000080000000,0x00000000825378f0,0x0000000084300000)
 Metaspace       used 60395K, committed 61760K, reserved 1114112K
  class space    used 6527K, committed 7104K, reserved 1048576K
}
Event: 118.064 GC heap before
{Heap before GC invocations=117 (full 3):
 PSYoungGen      total 21504K, used 21152K [0x00000000d5580000, 0x00000000d6d00000, 0x0000000100000000)
  eden space 18944K, 100% used [0x00000000d5580000,0x00000000d6800000,0x00000000d6800000)
  from space 2560K, 86% used [0x00000000d6800000,0x00000000d6a28010,0x00000000d6a80000)
  to   space 2560K, 0% used [0x00000000d6a80000,0x00000000d6a80000,0x00000000d6d00000)
 ParOldGen       total 68608K, used 38110K [0x0000000080000000, 0x0000000084300000, 0x00000000d5580000)
  object space 68608K, 55% used [0x0000000080000000,0x00000000825378f0,0x0000000084300000)
 Metaspace       used 60412K, committed 61760K, reserved 1114112K
  class space    used 6527K, committed 7104K, reserved 1048576K
}
Event: 118.067 GC heap after
{Heap after GC invocations=117 (full 3):
 PSYoungGen      total 21504K, used 2340K [0x00000000d5580000, 0x00000000d6d00000, 0x0000000100000000)
  eden space 18944K, 0% used [0x00000000d5580000,0x00000000d5580000,0x00000000d6800000)
  from space 2560K, 91% used [0x00000000d6a80000,0x00000000d6cc9000,0x00000000d6d00000)
  to   space 2560K, 0% used [0x00000000d6800000,0x00000000d6800000,0x00000000d6a80000)
 ParOldGen       total 68608K, used 40190K [0x0000000080000000, 0x0000000084300000, 0x00000000d5580000)
  object space 68608K, 58% used [0x0000000080000000,0x000000008273f900,0x0000000084300000)
 Metaspace       used 60412K, committed 61760K, reserved 1114112K
  class space    used 6527K, committed 7104K, reserved 1048576K
}
Event: 118.110 GC heap before
{Heap before GC invocations=118 (full 3):
 PSYoungGen      total 21504K, used 21284K [0x00000000d5580000, 0x00000000d6d00000, 0x0000000100000000)
  eden space 18944K, 100% used [0x00000000d5580000,0x00000000d6800000,0x00000000d6800000)
  from space 2560K, 91% used [0x00000000d6a80000,0x00000000d6cc9000,0x00000000d6d00000)
  to   space 2560K, 0% used [0x00000000d6800000,0x00000000d6800000,0x00000000d6a80000)
 ParOldGen       total 68608K, used 40190K [0x0000000080000000, 0x0000000084300000, 0x00000000d5580000)
  object space 68608K, 58% used [0x0000000080000000,0x000000008273f900,0x0000000084300000)
 Metaspace       used 60415K, committed 61824K, reserved 1114112K
  class space    used 6528K, committed 7168K, reserved 1048576K
}
Event: 118.112 GC heap after
{Heap after GC invocations=118 (full 3):
 PSYoungGen      total 21504K, used 2112K [0x00000000d5580000, 0x00000000d6d00000, 0x0000000100000000)
  eden space 18944K, 0% used [0x00000000d5580000,0x00000000d5580000,0x00000000d6800000)
  from space 2560K, 82% used [0x00000000d6800000,0x00000000d6a10000,0x00000000d6a80000)
  to   space 2560K, 0% used [0x00000000d6a80000,0x00000000d6a80000,0x00000000d6d00000)
 ParOldGen       total 68608K, used 42366K [0x0000000080000000, 0x0000000084300000, 0x00000000d5580000)
  object space 68608K, 61% used [0x0000000080000000,0x000000008295fa00,0x0000000084300000)
 Metaspace       used 60415K, committed 61824K, reserved 1114112K
  class space    used 6528K, committed 7168K, reserved 1048576K
}
Event: 118.161 GC heap before
{Heap before GC invocations=119 (full 3):
 PSYoungGen      total 21504K, used 21056K [0x00000000d5580000, 0x00000000d6d00000, 0x0000000100000000)
  eden space 18944K, 100% used [0x00000000d5580000,0x00000000d6800000,0x00000000d6800000)
  from space 2560K, 82% used [0x00000000d6800000,0x00000000d6a10000,0x00000000d6a80000)
  to   space 2560K, 0% used [0x00000000d6a80000,0x00000000d6a80000,0x00000000d6d00000)
 ParOldGen       total 68608K, used 42366K [0x0000000080000000, 0x0000000084300000, 0x00000000d5580000)
  object space 68608K, 61% used [0x0000000080000000,0x000000008295fa00,0x0000000084300000)
 Metaspace       used 60449K, committed 61824K, reserved 1114112K
  class space    used 6528K, committed 7168K, reserved 1048576K
}
Event: 118.165 GC heap after
{Heap after GC invocations=119 (full 3):
 PSYoungGen      total 21504K, used 2240K [0x00000000d5580000, 0x00000000d6d00000, 0x0000000100000000)
  eden space 18944K, 0% used [0x00000000d5580000,0x00000000d5580000,0x00000000d6800000)
  from space 2560K, 87% used [0x00000000d6a80000,0x00000000d6cb0010,0x00000000d6d00000)
  to   space 2560K, 0% used [0x00000000d6800000,0x00000000d6800000,0x00000000d6a80000)
 ParOldGen       total 68608K, used 44270K [0x0000000080000000, 0x0000000084300000, 0x00000000d5580000)
  object space 68608K, 64% used [0x0000000080000000,0x0000000082b3ba00,0x0000000084300000)
 Metaspace       used 60449K, committed 61824K, reserved 1114112K
  class space    used 6528K, committed 7168K, reserved 1048576K
}
Event: 118.272 GC heap before
{Heap before GC invocations=120 (full 3):
 PSYoungGen      total 21504K, used 21184K [0x00000000d5580000, 0x00000000d6d00000, 0x0000000100000000)
  eden space 18944K, 100% used [0x00000000d5580000,0x00000000d6800000,0x00000000d6800000)
  from space 2560K, 87% used [0x00000000d6a80000,0x00000000d6cb0010,0x00000000d6d00000)
  to   space 2560K, 0% used [0x00000000d6800000,0x00000000d6800000,0x00000000d6a80000)
 ParOldGen       total 68608K, used 44270K [0x0000000080000000, 0x0000000084300000, 0x00000000d5580000)
  object space 68608K, 64% used [0x0000000080000000,0x0000000082b3ba00,0x0000000084300000)
 Metaspace       used 60600K, committed 62016K, reserved 1114112K
  class space    used 6542K, committed 7168K, reserved 1048576K
}
Event: 118.276 GC heap after
{Heap after GC invocations=120 (full 3):
 PSYoungGen      total 20480K, used 1376K [0x00000000d5580000, 0x00000000d6c00000, 0x0000000100000000)
  eden space 18944K, 0% used [0x00000000d5580000,0x00000000d5580000,0x00000000d6800000)
  from space 1536K, 89% used [0x00000000d6800000,0x00000000d6958000,0x00000000d6980000)
  to   space 2048K, 0% used [0x00000000d6a00000,0x00000000d6a00000,0x00000000d6c00000)
 ParOldGen       total 68608K, used 46310K [0x0000000080000000, 0x0000000084300000, 0x00000000d5580000)
  object space 68608K, 67% used [0x0000000080000000,0x0000000082d39a10,0x0000000084300000)
 Metaspace       used 60600K, committed 62016K, reserved 1114112K
  class space    used 6542K, committed 7168K, reserved 1048576K
}
Event: 121.117 GC heap before
{Heap before GC invocations=121 (full 3):
 PSYoungGen      total 20480K, used 20320K [0x00000000d5580000, 0x00000000d6c00000, 0x0000000100000000)
  eden space 18944K, 100% used [0x00000000d5580000,0x00000000d6800000,0x00000000d6800000)
  from space 1536K, 89% used [0x00000000d6800000,0x00000000d6958000,0x00000000d6980000)
  to   space 2048K, 0% used [0x00000000d6a00000,0x00000000d6a00000,0x00000000d6c00000)
 ParOldGen       total 68608K, used 46310K [0x0000000080000000, 0x0000000084300000, 0x00000000d5580000)
  object space 68608K, 67% used [0x0000000080000000,0x0000000082d39a10,0x0000000084300000)
 Metaspace       used 61347K, committed 62720K, reserved 1114112K
  class space    used 6632K, committed 7232K, reserved 1048576K
}
Event: 121.121 GC heap after
{Heap after GC invocations=121 (full 3):
 PSYoungGen      total 20992K, used 1728K [0x00000000d5580000, 0x00000000d6c00000, 0x0000000100000000)
  eden space 18944K, 0% used [0x00000000d5580000,0x00000000d5580000,0x00000000d6800000)
  from space 2048K, 84% used [0x00000000d6a00000,0x00000000d6bb0068,0x00000000d6c00000)
  to   space 2048K, 0% used [0x00000000d6800000,0x00000000d6800000,0x00000000d6a00000)
 ParOldGen       total 68608K, used 47495K [0x0000000080000000, 0x0000000084300000, 0x00000000d5580000)
  object space 68608K, 69% used [0x0000000080000000,0x0000000082e61c10,0x0000000084300000)
 Metaspace       used 61347K, committed 62720K, reserved 1114112K
  class space    used 6632K, committed 7232K, reserved 1048576K
}
Event: 121.350 GC heap before
{Heap before GC invocations=122 (full 3):
 PSYoungGen      total 20992K, used 20671K [0x00000000d5580000, 0x00000000d6c00000, 0x0000000100000000)
  eden space 18944K, 99% used [0x00000000d5580000,0x00000000d67ffcf8,0x00000000d6800000)
  from space 2048K, 84% used [0x00000000d6a00000,0x00000000d6bb0068,0x00000000d6c00000)
  to   space 2048K, 0% used [0x00000000d6800000,0x00000000d6800000,0x00000000d6a00000)
 ParOldGen       total 68608K, used 47495K [0x0000000080000000, 0x0000000084300000, 0x00000000d5580000)
  object space 68608K, 69% used [0x0000000080000000,0x0000000082e61c10,0x0000000084300000)
 Metaspace       used 63122K, committed 64576K, reserved 1114112K
  class space    used 6854K, committed 7488K, reserved 1048576K
}
Event: 121.352 GC heap after
{Heap after GC invocations=122 (full 3):
 PSYoungGen      total 20992K, used 1973K [0x00000000d5580000, 0x00000000d6c00000, 0x0000000100000000)
  eden space 18944K, 0% used [0x00000000d5580000,0x00000000d5580000,0x00000000d6800000)
  from space 2048K, 96% used [0x00000000d6800000,0x00000000d69ed558,0x00000000d6a00000)
  to   space 2048K, 0% used [0x00000000d6a00000,0x00000000d6a00000,0x00000000d6c00000)
 ParOldGen       total 68608K, used 48200K [0x0000000080000000, 0x0000000084300000, 0x00000000d5580000)
  object space 68608K, 70% used [0x0000000080000000,0x0000000082f12238,0x0000000084300000)
 Metaspace       used 63122K, committed 64576K, reserved 1114112K
  class space    used 6854K, committed 7488K, reserved 1048576K
}

Dll operation events (14 events):
Event: 0.190 Loaded shared library c:\Users\tulsi\.vscode\extensions\redhat.java-1.52.0-win32-x64\jre\21.0.9-win32-x86_64\bin\java.dll
Event: 0.413 Loaded shared library c:\Users\tulsi\.vscode\extensions\redhat.java-1.52.0-win32-x64\jre\21.0.9-win32-x86_64\bin\zip.dll
Event: 0.460 Loaded shared library C:\Users\tulsi\.vscode\extensions\redhat.java-1.52.0-win32-x64\jre\21.0.9-win32-x86_64\bin\instrument.dll
Event: 0.552 Loaded shared library C:\Users\tulsi\.vscode\extensions\redhat.java-1.52.0-win32-x64\jre\21.0.9-win32-x86_64\bin\net.dll
Event: 0.619 Loaded shared library C:\Users\tulsi\.vscode\extensions\redhat.java-1.52.0-win32-x64\jre\21.0.9-win32-x86_64\bin\nio.dll
Event: 0.626 Loaded shared library C:\Users\tulsi\.vscode\extensions\redhat.java-1.52.0-win32-x64\jre\21.0.9-win32-x86_64\bin\zip.dll
Event: 0.679 Loaded shared library C:\Users\tulsi\.vscode\extensions\redhat.java-1.52.0-win32-x64\jre\21.0.9-win32-x86_64\bin\jimage.dll
Event: 0.836 Loaded shared library c:\Users\tulsi\.vscode\extensions\redhat.java-1.52.0-win32-x64\jre\21.0.9-win32-x86_64\bin\verify.dll
Event: 18.578 Loaded shared library C:\Users\tulsi\AppData\Roaming\Code\User\globalStorage\redhat.java\1.52.0\config_win\org.eclipse.equinox.launcher\org.eclipse.equinox.launcher.win32.win32.x86_64_1.2.1500.v20260121-1430\eclipse_11919.dll
Event: 40.988 Loaded shared library C:\Users\tulsi\.vscode\extensions\redhat.java-1.52.0-win32-x64\jre\21.0.9-win32-x86_64\bin\management.dll
Event: 40.990 Loaded shared library C:\Users\tulsi\.vscode\extensions\redhat.java-1.52.0-win32-x64\jre\21.0.9-win32-x86_64\bin\management_ext.dll
Event: 42.644 Loaded shared library C:\Users\tulsi\AppData\Local\Temp\jna-110721441\jna14004852173053359692.dll
Event: 43.685 Loaded shared library C:\Users\tulsi\.vscode\extensions\redhat.java-1.52.0-win32-x64\jre\21.0.9-win32-x86_64\bin\sunmscapi.dll
Event: 44.009 Loaded shared library C:\Users\tulsi\.vscode\extensions\redhat.java-1.52.0-win32-x64\jre\21.0.9-win32-x86_64\bin\extnet.dll

Deoptimization events (20 events):
Event: 121.245 Thread 0x00000196fe69e0f0 Uncommon trap: trap_request=0xffffffde fr.pc=0x00000196aa118154 relative=0x0000000000000314
Event: 121.245 Thread 0x00000196fe69e0f0 Uncommon trap: reason=class_check action=maybe_recompile pc=0x00000196aa118154 method=java.io.DataOutputStream.writeByte(I)V @ 5 c2
Event: 121.245 Thread 0x00000196fe69e0f0 DEOPT PACKING pc=0x00000196aa118154 sp=0x0000004e27bfecd0
Event: 121.246 Thread 0x00000196fe69e0f0 DEOPT UNPACKING pc=0x00000196a9573aa2 sp=0x0000004e27bfec88 mode 2
Event: 121.263 Thread 0x00000196fe69e0f0 DEOPT PACKING pc=0x00000196a383464e sp=0x0000004e27bfe700
Event: 121.263 Thread 0x00000196fe69e0f0 DEOPT UNPACKING pc=0x00000196a9574242 sp=0x0000004e27bfdc80 mode 0
Event: 121.344 Thread 0x00000196ff7c41e0 Uncommon trap: trap_request=0xffffff45 fr.pc=0x00000196aa32ad40 relative=0x0000000000000580
Event: 121.344 Thread 0x00000196ff7c41e0 Uncommon trap: reason=unstable_if action=reinterpret pc=0x00000196aa32ad40 method=org.eclipse.core.internal.watson.ElementTree.getElementData(Lorg/eclipse/core/runtime/IPath;)Ljava/lang/Object; @ 29 c2
Event: 121.344 Thread 0x00000196ff7c41e0 DEOPT PACKING pc=0x00000196aa32ad40 sp=0x0000004e251feaa0
Event: 121.344 Thread 0x00000196ff7c41e0 DEOPT UNPACKING pc=0x00000196a9573aa2 sp=0x0000004e251fe9d8 mode 2
Event: 121.344 Thread 0x00000196ff7c41e0 Uncommon trap: trap_request=0xffffff45 fr.pc=0x00000196aa329540 relative=0x0000000000000280
Event: 121.344 Thread 0x00000196ff7c41e0 Uncommon trap: reason=unstable_if action=reinterpret pc=0x00000196aa329540 method=org.eclipse.core.internal.watson.ElementTree.getElementData(Lorg/eclipse/core/runtime/IPath;)Ljava/lang/Object; @ 29 c2
Event: 121.345 Thread 0x00000196ff7c41e0 DEOPT PACKING pc=0x00000196aa329540 sp=0x0000004e251fea20
Event: 121.345 Thread 0x00000196ff7c41e0 DEOPT UNPACKING pc=0x00000196a9573aa2 sp=0x0000004e251fe9d8 mode 2
Event: 121.345 Thread 0x00000196fe69d3d0 Uncommon trap: trap_request=0xffffff45 fr.pc=0x00000196aa329540 relative=0x0000000000000280
Event: 121.345 Thread 0x00000196fe69d3d0 Uncommon trap: reason=unstable_if action=reinterpret pc=0x00000196aa329540 method=org.eclipse.core.internal.watson.ElementTree.getElementData(Lorg/eclipse/core/runtime/IPath;)Ljava/lang/Object; @ 29 c2
Event: 121.345 Thread 0x00000196fe69d3d0 DEOPT PACKING pc=0x00000196aa329540 sp=0x0000004e274fe7e0
Event: 121.345 Thread 0x00000196fe69d3d0 DEOPT UNPACKING pc=0x00000196a9573aa2 sp=0x0000004e274fe798 mode 2
Event: 121.354 Thread 0x00000196ff7c41e0 DEOPT PACKING pc=0x00000196a383464e sp=0x0000004e251fe670
Event: 121.354 Thread 0x00000196ff7c41e0 DEOPT UNPACKING pc=0x00000196a9574242 sp=0x0000004e251fdbf0 mode 0

Classes loaded (20 events):
Event: 121.088 Loading class java/util/concurrent/CompletableFuture$Signaller
Event: 121.089 Loading class java/util/concurrent/CompletableFuture$Signaller done
Event: 121.104 Loading class java/util/concurrent/ForkJoinTask$AdaptedCallable
Event: 121.104 Loading class java/util/concurrent/ForkJoinTask$AdaptedCallable done
Event: 121.107 Loading class java/util/regex/PatternSyntaxException
Event: 121.107 Loading class java/util/regex/PatternSyntaxException done
Event: 121.111 Loading class java/util/stream/Nodes$CollectorTask$OfRef
Event: 121.111 Loading class java/util/stream/Nodes$CollectorTask
Event: 121.112 Loading class java/util/stream/Nodes$CollectorTask done
Event: 121.112 Loading class java/util/stream/Nodes$CollectorTask$OfRef done
Event: 121.112 Loading class java/util/function/LongFunction
Event: 121.112 Loading class java/util/function/LongFunction done
Event: 121.113 Loading class java/util/stream/Nodes$ConcNode
Event: 121.113 Loading class java/util/stream/Nodes$AbstractConcNode
Event: 121.113 Loading class java/util/stream/Nodes$AbstractConcNode done
Event: 121.113 Loading class java/util/stream/Nodes$ConcNode done
Event: 121.194 Loading class java/io/FileFilter
Event: 121.195 Loading class java/io/FileFilter done
Event: 121.217 Loading class java/util/CollSer
Event: 121.218 Loading class java/util/CollSer done

Classes unloaded (16 events):
Event: 41.765 Thread 0x000001969ee649d0 Unloading class 0x00000196b71a8c00 'java/lang/invoke/LambdaForm$MH+0x00000196b71a8c00'
Event: 41.765 Thread 0x000001969ee649d0 Unloading class 0x00000196b71a8800 'java/lang/invoke/LambdaForm$MH+0x00000196b71a8800'
Event: 41.765 Thread 0x000001969ee649d0 Unloading class 0x00000196b71a8400 'java/lang/invoke/LambdaForm$MH+0x00000196b71a8400'
Event: 41.765 Thread 0x000001969ee649d0 Unloading class 0x00000196b71a8000 'java/lang/invoke/LambdaForm$MH+0x00000196b71a8000'
Event: 41.765 Thread 0x000001969ee649d0 Unloading class 0x00000196b71a7c00 'java/lang/invoke/LambdaForm$BMH+0x00000196b71a7c00'
Event: 41.765 Thread 0x000001969ee649d0 Unloading class 0x00000196b71a7800 'java/lang/invoke/LambdaForm$DMH+0x00000196b71a7800'
Event: 41.765 Thread 0x000001969ee649d0 Unloading class 0x00000196b71a6400 'java/lang/invoke/LambdaForm$DMH+0x00000196b71a6400'
Event: 43.451 Thread 0x000001969ee649d0 Unloading class 0x00000196b731e400 'java/lang/invoke/LambdaForm$MH+0x00000196b731e400'
Event: 43.451 Thread 0x000001969ee649d0 Unloading class 0x00000196b731d800 'java/lang/invoke/LambdaForm$MH+0x00000196b731d800'
Event: 43.451 Thread 0x000001969ee649d0 Unloading class 0x00000196b731d000 'java/lang/invoke/LambdaForm$MH+0x00000196b731d000'
Event: 43.451 Thread 0x000001969ee649d0 Unloading class 0x00000196b731c800 'java/lang/invoke/LambdaForm$MH+0x00000196b731c800'
Event: 43.451 Thread 0x000001969ee649d0 Unloading class 0x00000196b731bc00 'java/lang/invoke/LambdaForm$MH+0x00000196b731bc00'
Event: 111.424 Thread 0x000001969ee649d0 Unloading class 0x00000196b7688800 'java/lang/invoke/LambdaForm$DMH+0x00000196b7688800'
Event: 111.424 Thread 0x000001969ee649d0 Unloading class 0x00000196b7688400 'java/lang/invoke/LambdaForm$DMH+0x00000196b7688400'
Event: 111.425 Thread 0x000001969ee649d0 Unloading class 0x00000196b7688000 'java/lang/invoke/LambdaForm$DMH+0x00000196b7688000'
Event: 111.425 Thread 0x000001969ee649d0 Unloading class 0x00000196b7683c00 'java/lang/invoke/LambdaForm$DMH+0x00000196b7683c00'

Classes redefined (0 events):
No events

Internal exceptions (20 events):
Event: 121.023 Thread 0x00000196fe69cd40 Exception <a 'java/io/FileNotFoundException'{0x00000000d634ab98}> (0x00000000d634ab98) 
thrown [s\src\hotspot\share\prims\jni.cpp, line 520]
Event: 121.032 Thread 0x00000196fe69cd40 Exception <a 'sun/nio/fs/WindowsException'{0x00000000d636b8d0}> (0x00000000d636b8d0) 
thrown [s\src\hotspot\share\prims\jni.cpp, line 520]
Event: 121.034 Thread 0x00000196fe69cd40 Exception <a 'sun/nio/fs/WindowsException'{0x00000000d6371208}> (0x00000000d6371208) 
thrown [s\src\hotspot\share\prims\jni.cpp, line 520]
Event: 121.143 Thread 0x00000196fe69e0f0 Exception <a 'sun/nio/fs/WindowsException'{0x00000000d5732650}> (0x00000000d5732650) 
thrown [s\src\hotspot\share\prims\jni.cpp, line 520]
Event: 121.144 Thread 0x00000196fe69e0f0 Exception <a 'sun/nio/fs/WindowsException'{0x00000000d5732f30}> (0x00000000d5732f30) 
thrown [s\src\hotspot\share\prims\jni.cpp, line 520]
Event: 121.144 Thread 0x00000196fe69e0f0 Implicit null exception at 0x00000196a9e80c06 to 0x00000196a9e80e88
Event: 121.231 Thread 0x00000196fe69e0f0 Exception <a 'java/lang/NoSuchMethodError'{0x00000000d5db86a0}: static Lorg/eclipse/m2e/core/internal/project/registry/MavenProjectFacade$MavenProjectConfiguration;.<clinit>()V> (0x00000000d5db86a0) 
thrown [s\src\hotspot\share\prims\jni.cpp, line 1111]
Event: 121.235 Thread 0x00000196fe69e0f0 Exception <a 'java/lang/NoSuchMethodError'{0x00000000d5df3d98}: static [J.<clinit>()V> (0x00000000d5df3d98) 
thrown [s\src\hotspot\share\prims\jni.cpp, line 1111]
Event: 121.261 Thread 0x00000196fe69e0f0 Exception <a 'sun/nio/fs/WindowsException'{0x00000000d5f79500}> (0x00000000d5f79500) 
thrown [s\src\hotspot\share\prims\jni.cpp, line 520]
Event: 121.261 Thread 0x00000196fe69e0f0 Exception <a 'sun/nio/fs/WindowsException'{0x00000000d5f81470}> (0x00000000d5f81470) 
thrown [s\src\hotspot\share\prims\jni.cpp, line 520]
Event: 121.272 Thread 0x00000196ff7c41e0 Exception <a 'sun/nio/fs/WindowsException'{0x00000000d60210d0}> (0x00000000d60210d0) 
thrown [s\src\hotspot\share\prims\jni.cpp, line 520]
Event: 121.272 Thread 0x00000196ff7c41e0 Exception <a 'sun/nio/fs/WindowsException'{0x00000000d6021720}> (0x00000000d6021720) 
thrown [s\src\hotspot\share\prims\jni.cpp, line 520]
Event: 121.290 Thread 0x00000196ff7c41e0 Exception <a 'sun/nio/fs/WindowsException'{0x00000000d61e0238}> (0x00000000d61e0238) 
thrown [s\src\hotspot\share\prims\jni.cpp, line 520]
Event: 121.290 Thread 0x00000196ff7c41e0 Exception <a 'sun/nio/fs/WindowsException'{0x00000000d61e0b18}> (0x00000000d61e0b18) 
thrown [s\src\hotspot\share\prims\jni.cpp, line 520]
Event: 121.342 Thread 0x00000196ff7c41e0 Exception <a 'sun/nio/fs/WindowsException'{0x00000000d63df158}> (0x00000000d63df158) 
thrown [s\src\hotspot\share\prims\jni.cpp, line 520]
Event: 121.342 Thread 0x00000196ff7c41e0 Exception <a 'sun/nio/fs/WindowsException'{0x00000000d63df788}> (0x00000000d63df788) 
thrown [s\src\hotspot\share\prims\jni.cpp, line 520]
Event: 121.356 Thread 0x00000196ff7c41e0 Exception <a 'sun/nio/fs/WindowsException'{0x00000000d5589658}> (0x00000000d5589658) 
thrown [s\src\hotspot\share\prims\jni.cpp, line 520]
Event: 121.356 Thread 0x00000196ff7c41e0 Exception <a 'sun/nio/fs/WindowsException'{0x00000000d5589a58}> (0x00000000d5589a58) 
thrown [s\src\hotspot\share\prims\jni.cpp, line 520]
Event: 121.364 Thread 0x00000196fe69d3d0 Exception <a 'sun/nio/fs/WindowsException'{0x00000000d55caa40}> (0x00000000d55caa40) 
thrown [s\src\hotspot\share\prims\jni.cpp, line 520]
Event: 121.364 Thread 0x00000196fe69d3d0 Exception <a 'sun/nio/fs/WindowsException'{0x00000000d55cb070}> (0x00000000d55cb070) 
thrown [s\src\hotspot\share\prims\jni.cpp, line 520]

ZGC Phase Switch (0 events):
No events

VM Operations (20 events):
Event: 118.161 Executing VM operation: ParallelGCFailedAllocation (Allocation Failure)
Event: 118.165 Executing VM operation: ParallelGCFailedAllocation (Allocation Failure) done
Event: 118.272 Executing VM operation: ParallelGCFailedAllocation (Allocation Failure)
Event: 118.276 Executing VM operation: ParallelGCFailedAllocation (Allocation Failure) done
Event: 120.557 Executing VM operation: HandshakeAllThreads (HandshakeForDeflation)
Event: 120.557 Executing VM operation: HandshakeAllThreads (HandshakeForDeflation) done
Event: 120.557 Executing VM operation: RendezvousGCThreads
Event: 120.557 Executing VM operation: RendezvousGCThreads done
Event: 120.951 Executing VM operation: HandshakeAllThreads (Deoptimize)
Event: 120.951 Executing VM operation: HandshakeAllThreads (Deoptimize) done
Event: 120.951 Executing VM operation: Cleanup
Event: 120.951 Executing VM operation: Cleanup done
Event: 121.116 Executing VM operation: ParallelGCFailedAllocation (Allocation Failure)
Event: 121.121 Executing VM operation: ParallelGCFailedAllocation (Allocation Failure) done
Event: 121.136 Executing VM operation: HandshakeAllThreads (Deoptimize)
Event: 121.137 Executing VM operation: HandshakeAllThreads (Deoptimize) done
Event: 121.140 Executing VM operation: HandshakeAllThreads (Deoptimize)
Event: 121.140 Executing VM operation: HandshakeAllThreads (Deoptimize) done
Event: 121.350 Executing VM operation: ParallelGCFailedAllocation (Allocation Failure)
Event: 121.352 Executing VM operation: ParallelGCFailedAllocation (Allocation Failure) done

Memory protections (0 events):
No events

Nmethod flushes (20 events):
Event: 111.445 Thread 0x000001969ee649d0 flushing  nmethod 0x00000196a29b4110
Event: 111.445 Thread 0x000001969ee649d0 flushing  nmethod 0x00000196a29e7a10
Event: 111.445 Thread 0x000001969ee649d0 flushing  nmethod 0x00000196a29e9210
Event: 111.445 Thread 0x000001969ee649d0 flushing  nmethod 0x00000196a29e9d90
Event: 111.445 Thread 0x000001969ee649d0 flushing  nmethod 0x00000196a29eac90
Event: 111.445 Thread 0x000001969ee649d0 flushing  nmethod 0x00000196a29eb290
Event: 111.445 Thread 0x000001969ee649d0 flushing  nmethod 0x00000196a29eb610
Event: 111.445 Thread 0x000001969ee649d0 flushing  nmethod 0x00000196a29ebe90
Event: 111.445 Thread 0x000001969ee649d0 flushing  nmethod 0x00000196a29ed910
Event: 111.445 Thread 0x000001969ee649d0 flushing  nmethod 0x00000196a2a09210
Event: 111.445 Thread 0x000001969ee649d0 flushing  nmethod 0x00000196a2a1ed10
Event: 111.445 Thread 0x000001969ee649d0 flushing  nmethod 0x00000196a2a42d90
Event: 111.445 Thread 0x000001969ee649d0 flushing  nmethod 0x00000196a2a77c10
Event: 111.445 Thread 0x000001969ee649d0 flushing  nmethod 0x00000196a2a85f10
Event: 111.445 Thread 0x000001969ee649d0 flushing  nmethod 0x00000196a2ac1990
Event: 111.445 Thread 0x000001969ee649d0 flushing  nmethod 0x00000196a2acb390
Event: 111.445 Thread 0x000001969ee649d0 flushing  nmethod 0x00000196a2acf990
Event: 111.445 Thread 0x000001969ee649d0 flushing  nmethod 0x00000196a2ad7610
Event: 111.445 Thread 0x000001969ee649d0 flushing  nmethod 0x00000196a2ad7a10
Event: 111.445 Thread 0x000001969ee649d0 flushing  nmethod 0x00000196a2ae8810

Events (20 events):
Event: 117.727 Thread 0x0000019680e87a40 Thread added: 0x00000196f9c68c00
Event: 118.902 Thread 0x0000019680e88110 Thread exited: 0x0000019680e88110
Event: 118.902 Thread 0x0000019680e82880 Thread exited: 0x0000019680e82880
Event: 119.063 Thread 0x00000196f9c68c00 Thread exited: 0x00000196f9c68c00
Event: 119.063 Thread 0x00000196f9c6a740 Thread exited: 0x00000196f9c6a740
Event: 119.098 Thread 0x00000196f9c692d0 Thread exited: 0x00000196f9c692d0
Event: 119.098 Thread 0x0000019680e87a40 Thread exited: 0x0000019680e87a40
Event: 119.132 Thread 0x0000019680e87370 Thread exited: 0x0000019680e87370
Event: 119.132 Thread 0x0000019680e86ca0 Thread exited: 0x0000019680e86ca0
Event: 120.629 Thread 0x0000019680e85f00 Thread exited: 0x0000019680e85f00
Event: 120.974 Thread 0x00000196f7e9aeb0 Thread added: 0x00000196f9c692d0
Event: 121.037 Thread 0x00000196fe69d3d0 Thread added: 0x00000196ff7c41e0
Event: 121.106 Thread 0x00000196fe69e0f0 Thread added: 0x00000196ff7c34c0
Event: 121.115 Thread 0x00000196ff7c34c0 Thread exited: 0x00000196ff7c34c0
Event: 121.150 Thread 0x00000196fe69e0f0 Thread added: 0x00000196ff7c4870
Event: 121.155 Thread 0x00000196ff7c4870 Thread exited: 0x00000196ff7c4870
Event: 121.156 Thread 0x00000196f9c692d0 Thread added: 0x00000196f9c68530
Event: 121.208 Thread 0x00000196f7e9aeb0 Thread added: 0x00000196f9c6a070
Event: 121.248 Thread 0x00000196f7e9aeb0 Thread added: 0x00000196f9c67790
Event: 121.340 Thread 0x00000196fe69e0f0 Thread added: 0x00000196ff7c4870


Dynamic libraries:
0x00007ff610490000 - 0x00007ff61049e000 	c:\Users\tulsi\.vscode\extensions\redhat.java-1.52.0-win32-x64\jre\21.0.9-win32-x86_64\bin\java.exe
0x00007ffec94c0000 - 0x00007ffec9727000 	C:\WINDOWS\SYSTEM32\ntdll.dll
0x00007ffec8700000 - 0x00007ffec87c9000 	C:\WINDOWS\System32\KERNEL32.DLL
0x00007ffec6760000 - 0x00007ffec6b4f000 	C:\WINDOWS\System32\KERNELBASE.dll
0x00007ffec6610000 - 0x00007ffec675b000 	C:\WINDOWS\System32\ucrtbase.dll
0x00007ffe96f40000 - 0x00007ffe96f58000 	c:\Users\tulsi\.vscode\extensions\redhat.java-1.52.0-win32-x64\jre\21.0.9-win32-x86_64\bin\jli.dll
0x00007ffe9c540000 - 0x00007ffe9c55e000 	c:\Users\tulsi\.vscode\extensions\redhat.java-1.52.0-win32-x64\jre\21.0.9-win32-x86_64\bin\VCRUNTIME140.dll
0x00007ffec8fd0000 - 0x00007ffec9195000 	C:\WINDOWS\System32\USER32.dll
0x00007ffe9fa90000 - 0x00007ffe9fd23000 	C:\WINDOWS\WinSxS\amd64_microsoft.windows.common-controls_6595b64144ccf1df_6.0.26100.7309_none_3e05feeae336a044\COMCTL32.dll
0x00007ffec7230000 - 0x00007ffec7257000 	C:\WINDOWS\System32\win32u.dll
0x00007ffec91a0000 - 0x00007ffec9249000 	C:\WINDOWS\System32\msvcrt.dll
0x00007ffec8fa0000 - 0x00007ffec8fcb000 	C:\WINDOWS\System32\GDI32.dll
0x00007ffec6bf0000 - 0x00007ffec6d1c000 	C:\WINDOWS\System32\gdi32full.dll
0x00007ffec6e90000 - 0x00007ffec6f33000 	C:\WINDOWS\System32\msvcp_win.dll
0x00007ffec7d40000 - 0x00007ffec7d71000 	C:\WINDOWS\System32\IMM32.DLL
0x00007ffebe0b0000 - 0x00007ffebe0bc000 	c:\Users\tulsi\.vscode\extensions\redhat.java-1.52.0-win32-x64\jre\21.0.9-win32-x86_64\bin\vcruntime140_1.dll
0x00007ffe564f0000 - 0x00007ffe5657d000 	c:\Users\tulsi\.vscode\extensions\redhat.java-1.52.0-win32-x64\jre\21.0.9-win32-x86_64\bin\msvcp140.dll
0x00007ffde1ba0000 - 0x00007ffde2940000 	c:\Users\tulsi\.vscode\extensions\redhat.java-1.52.0-win32-x64\jre\21.0.9-win32-x86_64\bin\server\jvm.dll
0x00007ffec74b0000 - 0x00007ffec7564000 	C:\WINDOWS\System32\ADVAPI32.dll
0x00007ffec7c90000 - 0x00007ffec7d36000 	C:\WINDOWS\System32\sechost.dll
0x00007ffec92d0000 - 0x00007ffec93e8000 	C:\WINDOWS\System32\RPCRT4.dll
0x00007ffec8ed0000 - 0x00007ffec8f44000 	C:\WINDOWS\System32\WS2_32.dll
0x00007ffec6470000 - 0x00007ffec64ce000 	C:\WINDOWS\SYSTEM32\POWRPROF.dll
0x00007ffeb1ca0000 - 0x00007ffeb1cab000 	C:\WINDOWS\SYSTEM32\VERSION.dll
0x00007ffec0ba0000 - 0x00007ffec0bd5000 	C:\WINDOWS\SYSTEM32\WINMM.dll
0x00007ffec6450000 - 0x00007ffec6464000 	C:\WINDOWS\SYSTEM32\UMPDC.dll
0x00007ffec53c0000 - 0x00007ffec53db000 	C:\WINDOWS\SYSTEM32\kernel.appcore.dll
0x00007ffeb4ab0000 - 0x00007ffeb4aba000 	c:\Users\tulsi\.vscode\extensions\redhat.java-1.52.0-win32-x64\jre\21.0.9-win32-x86_64\bin\jimage.dll
0x00007ffec3d70000 - 0x00007ffec3fb2000 	C:\WINDOWS\SYSTEM32\DBGHELP.DLL
0x00007ffec8860000 - 0x00007ffec8be6000 	C:\WINDOWS\System32\combase.dll
0x00007ffec73d0000 - 0x00007ffec74a6000 	C:\WINDOWS\System32\OLEAUT32.dll
0x00007ffe9c000000 - 0x00007ffe9c03c000 	C:\WINDOWS\SYSTEM32\dbgcore.DLL
0x00007ffec7180000 - 0x00007ffec7225000 	C:\WINDOWS\System32\bcryptPrimitives.dll
0x00007ffeb47e0000 - 0x00007ffeb47ef000 	c:\Users\tulsi\.vscode\extensions\redhat.java-1.52.0-win32-x64\jre\21.0.9-win32-x86_64\bin\instrument.dll
0x00007ffe96f20000 - 0x00007ffe96f40000 	c:\Users\tulsi\.vscode\extensions\redhat.java-1.52.0-win32-x64\jre\21.0.9-win32-x86_64\bin\java.dll
0x00007ffec7db0000 - 0x00007ffec8503000 	C:\WINDOWS\System32\SHELL32.dll
0x00007ffec6d20000 - 0x00007ffec6e8a000 	C:\WINDOWS\System32\wintypes.dll
0x00007ffec41e0000 - 0x00007ffec4a3e000 	C:\WINDOWS\SYSTEM32\windows.storage.dll
0x00007ffec8bf0000 - 0x00007ffec8ce5000 	C:\WINDOWS\System32\SHCORE.dll
0x00007ffec7570000 - 0x00007ffec75d6000 	C:\WINDOWS\System32\shlwapi.dll
0x00007ffec6530000 - 0x00007ffec6559000 	C:\WINDOWS\SYSTEM32\profapi.dll
0x00007ffe8fd10000 - 0x00007ffe8fd28000 	c:\Users\tulsi\.vscode\extensions\redhat.java-1.52.0-win32-x64\jre\21.0.9-win32-x86_64\bin\zip.dll
0x00007ffe9e950000 - 0x00007ffe9e960000 	C:\Users\tulsi\.vscode\extensions\redhat.java-1.52.0-win32-x64\jre\21.0.9-win32-x86_64\bin\net.dll
0x00007ffeb5a50000 - 0x00007ffeb5b78000 	C:\WINDOWS\SYSTEM32\WINHTTP.dll
0x00007ffec5930000 - 0x00007ffec599b000 	C:\WINDOWS\system32\mswsock.dll
0x00007ffe87a50000 - 0x00007ffe87a66000 	C:\Users\tulsi\.vscode\extensions\redhat.java-1.52.0-win32-x64\jre\21.0.9-win32-x86_64\bin\nio.dll
0x00007ffe9e100000 - 0x00007ffe9e110000 	c:\Users\tulsi\.vscode\extensions\redhat.java-1.52.0-win32-x64\jre\21.0.9-win32-x86_64\bin\verify.dll
0x00007ffe77d00000 - 0x00007ffe77d45000 	C:\Users\tulsi\AppData\Roaming\Code\User\globalStorage\redhat.java\1.52.0\config_win\org.eclipse.equinox.launcher\org.eclipse.equinox.launcher.win32.win32.x86_64_1.2.1500.v20260121-1430\eclipse_11919.dll
0x00007ffec7af0000 - 0x00007ffec7c87000 	C:\WINDOWS\System32\ole32.dll
0x00007ffe9a8f0000 - 0x00007ffe9a8fa000 	C:\Users\tulsi\.vscode\extensions\redhat.java-1.52.0-win32-x64\jre\21.0.9-win32-x86_64\bin\management.dll
0x00007ffe9a360000 - 0x00007ffe9a36c000 	C:\Users\tulsi\.vscode\extensions\redhat.java-1.52.0-win32-x64\jre\21.0.9-win32-x86_64\bin\management_ext.dll
0x00007ffec8510000 - 0x00007ffec8518000 	C:\WINDOWS\System32\PSAPI.DLL
0x00007ffec5bf0000 - 0x00007ffec5c0b000 	C:\WINDOWS\SYSTEM32\CRYPTSP.dll
0x00007ffec5320000 - 0x00007ffec535a000 	C:\WINDOWS\system32\rsaenh.dll
0x00007ffec59e0000 - 0x00007ffec5a0b000 	C:\WINDOWS\SYSTEM32\USERENV.dll
0x00007ffec6500000 - 0x00007ffec652a000 	C:\WINDOWS\SYSTEM32\bcrypt.dll
0x00007ffec5c10000 - 0x00007ffec5c1c000 	C:\WINDOWS\SYSTEM32\CRYPTBASE.dll
0x00007ffec4de0000 - 0x00007ffec4e14000 	C:\WINDOWS\SYSTEM32\IPHLPAPI.DLL
0x00007ffec9470000 - 0x00007ffec947a000 	C:\WINDOWS\System32\NSI.dll
0x00007ffe49ef0000 - 0x00007ffe49f39000 	C:\Users\tulsi\AppData\Local\Temp\jna-110721441\jna14004852173053359692.dll
0x00007ffeb5bb0000 - 0x00007ffeb5bce000 	C:\WINDOWS\SYSTEM32\dhcpcsvc6.DLL
0x00007ffeb5b80000 - 0x00007ffeb5ba3000 	C:\WINDOWS\SYSTEM32\dhcpcsvc.DLL
0x00007ffe95510000 - 0x00007ffe9551e000 	C:\Users\tulsi\.vscode\extensions\redhat.java-1.52.0-win32-x64\jre\21.0.9-win32-x86_64\bin\sunmscapi.dll
0x00007ffec6f40000 - 0x00007ffec70b7000 	C:\WINDOWS\System32\CRYPT32.dll
0x00007ffec5e10000 - 0x00007ffec5e40000 	C:\WINDOWS\SYSTEM32\ncrypt.dll
0x00007ffec5dc0000 - 0x00007ffec5dff000 	C:\WINDOWS\SYSTEM32\NTASN1.dll
0x00007ffec4e80000 - 0x00007ffec4fac000 	C:\WINDOWS\SYSTEM32\DNSAPI.dll
0x00007ffeba740000 - 0x00007ffeba74b000 	C:\Windows\System32\rasadhlp.dll
0x00007ffeb5d20000 - 0x00007ffeb5da6000 	C:\WINDOWS\System32\fwpuclnt.dll
0x00007ffe890e0000 - 0x00007ffe890e9000 	C:\Users\tulsi\.vscode\extensions\redhat.java-1.52.0-win32-x64\jre\21.0.9-win32-x86_64\bin\extnet.dll

JVMTI agents:
c:\Users\tulsi\.vscode\extensions\redhat.java-1.52.0-win32-x64\lombok\lombok-1.18.39-4050.jar path:c:\Users\tulsi\.vscode\extensions\redhat.java-1.52.0-win32-x64\jre\21.0.9-win32-x86_64\bin\instrument.dll, loaded, initialized, instrumentlib options:none

dbghelp: loaded successfully - version: 4.0.5 - missing functions: none
symbol engine: initialized successfully - sym options: 0x614 - pdb path: .;c:\Users\tulsi\.vscode\extensions\redhat.java-1.52.0-win32-x64\jre\21.0.9-win32-x86_64\bin;C:\WINDOWS\SYSTEM32;C:\WINDOWS\WinSxS\amd64_microsoft.windows.common-controls_6595b64144ccf1df_6.0.26100.7309_none_3e05feeae336a044;c:\Users\tulsi\.vscode\extensions\redhat.java-1.52.0-win32-x64\jre\21.0.9-win32-x86_64\bin\server;C:\Users\tulsi\AppData\Roaming\Code\User\globalStorage\redhat.java\1.52.0\config_win\org.eclipse.equinox.launcher\org.eclipse.equinox.launcher.win32.win32.x86_64_1.2.1500.v20260121-1430;C:\Users\tulsi\AppData\Local\Temp\jna-110721441

VM Arguments:
jvm_args: --add-modules=ALL-SYSTEM --add-opens=java.base/java.util=ALL-UNNAMED --add-opens=java.base/java.lang=ALL-UNNAMED --add-opens=java.base/sun.nio.fs=ALL-UNNAMED -Declipse.application=org.eclipse.jdt.ls.core.id1 -Dosgi.bundles.defaultStartLevel=4 -Declipse.product=org.eclipse.jdt.ls.core.product -Djava.import.generatesMetadataFilesAtProjectRoot=false -DDetectVMInstallationsJob.disabled=true -Dfile.encoding=utf8 -XX:+UseParallelGC -XX:GCTimeRatio=4 -XX:AdaptiveSizePolicyWeight=90 -Dsun.zip.disableMemoryMapping=true -Xmx2G -Xms100m -Xlog:disable -javaagent:c:\Users\tulsi\.vscode\extensions\redhat.java-1.52.0-win32-x64\lombok\lombok-1.18.39-4050.jar -XX:+HeapDumpOnOutOfMemoryError -XX:HeapDumpPath=c:\Users\tulsi\AppData\Roaming\Code\User\workspaceStorage\ed6cfc8fd899b34ad4f6a065b0073941\redhat.java -Daether.dependencyCollector.impl=bf 
java_command: c:\Users\tulsi\.vscode\extensions\redhat.java-1.52.0-win32-x64\server\plugins\org.eclipse.equinox.launcher_1.7.100.v20251111-0406.jar -configuration c:\Users\tulsi\AppData\Roaming\Code\User\globalStorage\redhat.java\1.52.0\config_win -data c:\Users\tulsi\AppData\Roaming\Code\User\workspaceStorage\ed6cfc8fd899b34ad4f6a065b0073941\redhat.java\jdt_ws --pipe=\\.\pipe\lsp-9041f4d19bd9a9feeeb005f443e44785-sock
java_class_path (initial): c:\Users\tulsi\.vscode\extensions\redhat.java-1.52.0-win32-x64\server\plugins\org.eclipse.equinox.launcher_1.7.100.v20251111-0406.jar
Launcher Type: SUN_STANDARD

[Global flags]
    uintx AdaptiveSizePolicyWeight                 = 90                                        {product} {command line}
     intx CICompilerCount                          = 12                                        {product} {ergonomic}
    uintx GCTimeRatio                              = 4                                         {product} {command line}
     bool HeapDumpOnOutOfMemoryError               = true                                   {manageable} {command line}
    ccstr HeapDumpPath                             = c:\Users\tulsi\AppData\Roaming\Code\User\workspaceStorage\ed6cfc8fd899b34ad4f6a065b0073941\redhat.java         {manageable} {command line}
   size_t InitialHeapSize                          = 104857600                                 {product} {command line}
   size_t MaxHeapSize                              = 2147483648                                {product} {command line}
   size_t MaxNewSize                               = 715653120                                 {product} {ergonomic}
   size_t MinHeapDeltaBytes                        = 524288                                    {product} {ergonomic}
   size_t MinHeapSize                              = 104857600                                 {product} {command line}
   size_t NewSize                                  = 34603008                                  {product} {ergonomic}
    uintx NonNMethodCodeHeapSize                   = 7602480                                {pd product} {ergonomic}
    uintx NonProfiledCodeHeapSize                  = 122027880                              {pd product} {ergonomic}
   size_t OldSize                                  = 70254592                                  {product} {ergonomic}
    uintx ProfiledCodeHeapSize                     = 122027880                              {pd product} {ergonomic}
    uintx ReservedCodeCacheSize                    = 251658240                              {pd product} {ergonomic}
     bool SegmentedCodeCache                       = true                                      {product} {ergonomic}
   size_t SoftMaxHeapSize                          = 2147483648                             {manageable} {ergonomic}
     bool UseCompressedOops                        = true                           {product lp64_product} {ergonomic}
     bool UseLargePagesIndividualAllocation        = false                                  {pd product} {ergonomic}
     bool UseParallelGC                            = true                                      {product} {command line}

Logging:
Log output configuration:
 #0: stdout all=off uptime,level,tags foldmultilines=false
 #1: stderr all=off uptime,level,tags foldmultilines=false

Release file:
JAVA_VERSION="21.0.9" 
MODULES="java.base java.compiler java.datatransfer java.xml java.prefs java.desktop java.instrument java.logging java.management java.security.sasl java.naming java.rmi java.management.rmi java.net.http java.scripting java.security.jgss java.transaction.xa java.sql java.sql.rowset java.xml.crypto java.se java.smartcardio jdk.accessibility jdk.internal.jvmstat jdk.attach jdk.charsets jdk.internal.opt jdk.zipfs jdk.compiler jdk.crypto.ec jdk.crypto.cryptoki jdk.crypto.mscapi jdk.dynalink jdk.internal.ed jdk.editpad jdk.hotspot.agent jdk.httpserver jdk.internal.le jdk.internal.vm.ci jdk.internal.vm.compiler jdk.internal.vm.compiler.management jdk.jartool jdk.javadoc jdk.jcmd jdk.management jdk.management.agent jdk.jconsole jdk.jdeps jdk.jdwp.agent jdk.jdi jdk.jfr jdk.jshell jdk.jsobject jdk.jstatd jdk.localedata jdk.management.jfr jdk.naming.dns jdk.naming.rmi jdk.net jdk.nio.mapmode jdk.random jdk.sctp jdk.security.auth jdk.security.jgss jdk.unsupported jdk.unsupported.desktop jdk.xml.dom" 

Environment Variables:
JAVA_HOME= C:\Program Files\Java\jdk-17
PATH=%JAVA_HOME%\bin;C:\Program Files\Microsoft SQL Server\Client SDK\ODBC\170\Tools\Binn\;C:\Program Files\Microsoft SQL Server\160\DTS\Binn\;C:\Program Files\nodejs\;C:\Windows\System32\WindowsPowerShell\v1.0\;C:\Users\tulsi\AppData\Local\Programs\Python\Python311\Scripts\;C:\Users\tulsi\AppData\Local\Programs\Python\Python311\;C:\Users\tulsi\AppData\Local\Microsoft\WindowsApps;C:\Users\tulsi\AppData\Local\GitHubDesktop\bin;C:\hadoop\hadoop-3.2.4\sbin;C:\Users\tulsi\AppData\Local\Programs\mongosh\;C:\Users\tulsi\AppData\Local\Programs\Microsoft VS Code\bin;C:\ProgramData\tulsi\GitHubDesktop\bin;C:\Users\tulsi\AppData\Roaming\npm
USERNAME=tulsi
OS=Windows_NT
PROCESSOR_IDENTIFIER=Intel64 Family 6 Model 186 Stepping 2, GenuineIntel
TMP=C:\Users\tulsi\AppData\Local\Temp
TEMP=C:\Users\tulsi\AppData\Local\Temp




Periodic native trim disabled

---------------  S Y S T E M  ---------------

OS:
 Windows 11 , 64 bit Build 26100 (10.0.26100.7623)
OS uptime: 1 days 20:18 hours
Hyper-V role detected

CPU: total 16 (initial active 16) (8 cores per cpu, 2 threads per core) family 6 model 186 stepping 2 microcode 0x4121, cx8, cmov, fxsr, ht, mmx, 3dnowpref, sse, sse2, sse3, ssse3, sse4.1, sse4.2, popcnt, lzcnt, tsc, tscinvbit, avx, avx2, aes, erms, clmul, bmi1, bmi2, adx, sha, fma, vzeroupper, clflush, clflushopt, clwb, hv, serialize, rdtscp, rdpid, fsrm, f16c, cet_ibt, cet_ss
Processor Information for processor 0
  Max Mhz: 2200, Current Mhz: 2200, Mhz Limit: 2200
Processor Information for processor 1
  Max Mhz: 2200, Current Mhz: 2200, Mhz Limit: 2200
Processor Information for processor 2
  Max Mhz: 2200, Current Mhz: 2200, Mhz Limit: 2200
Processor Information for processor 3
  Max Mhz: 2200, Current Mhz: 2200, Mhz Limit: 2200
Processor Information for processor 4
  Max Mhz: 2200, Current Mhz: 2200, Mhz Limit: 2200
Processor Information for processor 5
  Max Mhz: 2200, Current Mhz: 1466, Mhz Limit: 2200
Processor Information for processor 6
  Max Mhz: 2200, Current Mhz: 2200, Mhz Limit: 2200
Processor Information for processor 7
  Max Mhz: 2200, Current Mhz: 2200, Mhz Limit: 2200
Processor Information for processor 8
  Max Mhz: 2200, Current Mhz: 1600, Mhz Limit: 1584
Processor Information for processor 9
  Max Mhz: 2200, Current Mhz: 1600, Mhz Limit: 1584
Processor Information for processor 10
  Max Mhz: 2200, Current Mhz: 1600, Mhz Limit: 1584
Processor Information for processor 11
  Max Mhz: 2200, Current Mhz: 1600, Mhz Limit: 1584
Processor Information for processor 12
  Max Mhz: 2200, Current Mhz: 1500, Mhz Limit: 1584
Processor Information for processor 13
  Max Mhz: 2200, Current Mhz: 1600, Mhz Limit: 1584
Processor Information for processor 14
  Max Mhz: 2200, Current Mhz: 1600, Mhz Limit: 1584
Processor Information for processor 15
  Max Mhz: 2200, Current Mhz: 1500, Mhz Limit: 1584

Memory: 4k page, system-wide physical 16027M (3069M free)
TotalPageFile size 16777M (AvailPageFile size 22M)
current process WorkingSet (physical memory assigned to process): 311M, peak: 315M
current process commit charge ("private bytes"): 414M, peak: 421M

vm_info: OpenJDK 64-Bit Server VM (21.0.9+10-LTS) for windows-amd64 JRE (21.0.9+10-LTS), built on 2025-10-21T00:00:00Z by "admin" with unknown MS VC++:1942

END.
